{"/Users/renkangguo/迪奇孚瑞/食品安全系统开发/Tianjiabing_foodtestlab/backend/server.js": {"path":"/Users/renkangguo/迪奇孚瑞/食品安全系统开发/Tianjiabing_foodtestlab/backend/server.js","statementMap":{"0":{"start":{"line":12,"column":0},"end":{"line":12,"column":15}},"1":{"start":{"line":14,"column":12},"end":{"line":14,"column":21}},"2":{"start":{"line":15,"column":13},"end":{"line":15,"column":37}},"3":{"start":{"line":18,"column":17},"end":{"line":21,"column":1}},"4":{"start":{"line":24,"column":0},"end":{"line":24,"column":39}},"5":{"start":{"line":25,"column":0},"end":{"line":28,"column":3}},"6":{"start":{"line":29,"column":0},"end":{"line":29,"column":40}},"7":{"start":{"line":32,"column":0},"end":{"line":34,"column":2}},"8":{"start":{"line":33,"column":4},"end":{"line":33,"column":74}},"9":{"start":{"line":37,"column":19},"end":{"line":37,"column":69}},"10":{"start":{"line":38,"column":0},"end":{"line":38,"column":32}},"11":{"start":{"line":41,"column":0},"end":{"line":41,"column":34}},"12":{"start":{"line":42,"column":0},"end":{"line":42,"column":55}},"13":{"start":{"line":47,"column":0},"end":{"line":74,"column":2}},"14":{"start":{"line":48,"column":4},"end":{"line":73,"column":5}},"15":{"start":{"line":49,"column":25},"end":{"line":49,"column":35}},"16":{"start":{"line":50,"column":44},"end":{"line":50,"column":53}},"17":{"start":{"line":52,"column":39},"end":{"line":56,"column":46}},"18":{"start":{"line":58,"column":8},"end":{"line":61,"column":9}},"19":{"start":{"line":59,"column":12},"end":{"line":59,"column":53}},"20":{"start":{"line":60,"column":12},"end":{"line":60,"column":65}},"21":{"start":{"line":63,"column":8},"end":{"line":69,"column":10}},"22":{"start":{"line":71,"column":8},"end":{"line":71,"column":47}},"23":{"start":{"line":72,"column":8},"end":{"line":72,"column":54}},"24":{"start":{"line":77,"column":0},"end":{"line":95,"column":2}},"25":{"start":{"line":78,"column":4},"end":{"line":94,"column":5}},"26":{"start":{"line":79,"column":29},"end":{"line":79,"column":39}},"27":{"start":{"line":81,"column":32},"end":{"line":85,"column":21}},"28":{"start":{"line":87,"column":8},"end":{"line":89,"column":9}},"29":{"start":{"line":88,"column":12},"end":{"line":88,"column":59}},"30":{"start":{"line":91,"column":8},"end":{"line":91,"column":41}},"31":{"start":{"line":93,"column":8},"end":{"line":93,"column":54}},"32":{"start":{"line":98,"column":0},"end":{"line":135,"column":2}},"33":{"start":{"line":99,"column":4},"end":{"line":134,"column":5}},"34":{"start":{"line":100,"column":25},"end":{"line":100,"column":35}},"35":{"start":{"line":101,"column":24},"end":{"line":105,"column":9}},"36":{"start":{"line":108,"column":27},"end":{"line":108,"column":49}},"37":{"start":{"line":109,"column":8},"end":{"line":111,"column":9}},"38":{"start":{"line":110,"column":12},"end":{"line":110,"column":87}},"39":{"start":{"line":113,"column":32},"end":{"line":116,"column":21}},"40":{"start":{"line":118,"column":8},"end":{"line":121,"column":9}},"41":{"start":{"line":119,"column":12},"end":{"line":119,"column":51}},"42":{"start":{"line":120,"column":12},"end":{"line":120,"column":65}},"43":{"start":{"line":124,"column":8},"end":{"line":124,"column":65}},"44":{"start":{"line":126,"column":8},"end":{"line":130,"column":10}},"45":{"start":{"line":132,"column":8},"end":{"line":132,"column":47}},"46":{"start":{"line":133,"column":8},"end":{"line":133,"column":54}},"47":{"start":{"line":138,"column":0},"end":{"line":178,"column":2}},"48":{"start":{"line":139,"column":4},"end":{"line":177,"column":5}},"49":{"start":{"line":140,"column":29},"end":{"line":140,"column":39}},"50":{"start":{"line":141,"column":24},"end":{"line":145,"column":9}},"51":{"start":{"line":148,"column":25},"end":{"line":152,"column":21}},"52":{"start":{"line":154,"column":8},"end":{"line":156,"column":9}},"53":{"start":{"line":155,"column":12},"end":{"line":155,"column":61}},"54":{"start":{"line":158,"column":32},"end":{"line":162,"column":21}},"55":{"start":{"line":164,"column":8},"end":{"line":166,"column":9}},"56":{"start":{"line":165,"column":12},"end":{"line":165,"column":65}},"57":{"start":{"line":168,"column":8},"end":{"line":168,"column":57}},"58":{"start":{"line":170,"column":8},"end":{"line":174,"column":10}},"59":{"start":{"line":176,"column":8},"end":{"line":176,"column":54}},"60":{"start":{"line":181,"column":0},"end":{"line":214,"column":2}},"61":{"start":{"line":182,"column":4},"end":{"line":213,"column":5}},"62":{"start":{"line":183,"column":29},"end":{"line":183,"column":39}},"63":{"start":{"line":186,"column":25},"end":{"line":190,"column":21}},"64":{"start":{"line":192,"column":8},"end":{"line":194,"column":9}},"65":{"start":{"line":193,"column":12},"end":{"line":193,"column":61}},"66":{"start":{"line":196,"column":26},"end":{"line":199,"column":25}},"67":{"start":{"line":201,"column":8},"end":{"line":203,"column":9}},"68":{"start":{"line":202,"column":12},"end":{"line":202,"column":65}},"69":{"start":{"line":205,"column":8},"end":{"line":205,"column":57}},"70":{"start":{"line":207,"column":8},"end":{"line":210,"column":10}},"71":{"start":{"line":212,"column":8},"end":{"line":212,"column":54}},"72":{"start":{"line":217,"column":0},"end":{"line":240,"column":2}},"73":{"start":{"line":218,"column":4},"end":{"line":239,"column":5}},"74":{"start":{"line":219,"column":25},"end":{"line":219,"column":35}},"75":{"start":{"line":221,"column":32},"end":{"line":223,"column":24}},"76":{"start":{"line":225,"column":8},"end":{"line":227,"column":9}},"77":{"start":{"line":226,"column":12},"end":{"line":226,"column":65}},"78":{"start":{"line":229,"column":22},"end":{"line":234,"column":9}},"79":{"start":{"line":231,"column":36},"end":{"line":231,"column":57}},"80":{"start":{"line":232,"column":39},"end":{"line":232,"column":63}},"81":{"start":{"line":233,"column":40},"end":{"line":233,"column":65}},"82":{"start":{"line":236,"column":8},"end":{"line":236,"column":48}},"83":{"start":{"line":238,"column":8},"end":{"line":238,"column":54}},"84":{"start":{"line":245,"column":0},"end":{"line":276,"column":2}},"85":{"start":{"line":246,"column":4},"end":{"line":275,"column":5}},"86":{"start":{"line":247,"column":39},"end":{"line":247,"column":47}},"87":{"start":{"line":250,"column":8},"end":{"line":272,"column":9}},"88":{"start":{"line":251,"column":26},"end":{"line":259,"column":13}},"89":{"start":{"line":261,"column":12},"end":{"line":269,"column":14}},"90":{"start":{"line":271,"column":12},"end":{"line":271,"column":57}},"91":{"start":{"line":274,"column":8},"end":{"line":274,"column":54}},"92":{"start":{"line":279,"column":0},"end":{"line":281,"column":2}},"93":{"start":{"line":280,"column":4},"end":{"line":280,"column":49}},"94":{"start":{"line":284,"column":0},"end":{"line":296,"column":2}},"95":{"start":{"line":285,"column":21},"end":{"line":293,"column":5}},"96":{"start":{"line":295,"column":4},"end":{"line":295,"column":48}},"97":{"start":{"line":302,"column":23},"end":{"line":302,"column":48}},"98":{"start":{"line":304,"column":4},"end":{"line":306,"column":5}},"99":{"start":{"line":305,"column":8},"end":{"line":305,"column":58}},"100":{"start":{"line":308,"column":18},"end":{"line":308,"column":41}},"101":{"start":{"line":310,"column":4},"end":{"line":316,"column":5}},"102":{"start":{"line":311,"column":24},"end":{"line":311,"column":65}},"103":{"start":{"line":312,"column":8},"end":{"line":312,"column":26}},"104":{"start":{"line":313,"column":8},"end":{"line":313,"column":14}},"105":{"start":{"line":315,"column":8},"end":{"line":315,"column":60}},"106":{"start":{"line":322,"column":19},"end":{"line":322,"column":21}},"107":{"start":{"line":325,"column":4},"end":{"line":327,"column":5}},"108":{"start":{"line":326,"column":8},"end":{"line":326,"column":34}},"109":{"start":{"line":330,"column":4},"end":{"line":332,"column":5}},"110":{"start":{"line":331,"column":8},"end":{"line":331,"column":34}},"111":{"start":{"line":334,"column":4},"end":{"line":337,"column":5}},"112":{"start":{"line":341,"column":22},"end":{"line":341,"column":46}},"113":{"start":{"line":342,"column":4},"end":{"line":342,"column":87}},"114":{"start":{"line":347,"column":17},"end":{"line":347,"column":37}},"115":{"start":{"line":348,"column":18},"end":{"line":348,"column":28}},"116":{"start":{"line":349,"column":4},"end":{"line":349,"column":55}},"117":{"start":{"line":353,"column":17},"end":{"line":353,"column":37}},"118":{"start":{"line":354,"column":18},"end":{"line":354,"column":28}},"119":{"start":{"line":355,"column":21},"end":{"line":355,"column":78}},"120":{"start":{"line":356,"column":4},"end":{"line":356,"column":27}},"121":{"start":{"line":360,"column":17},"end":{"line":360,"column":37}},"122":{"start":{"line":361,"column":18},"end":{"line":361,"column":28}},"123":{"start":{"line":362,"column":4},"end":{"line":362,"column":93}},"124":{"start":{"line":367,"column":0},"end":{"line":369,"column":2}},"125":{"start":{"line":368,"column":4},"end":{"line":368,"column":46}},"126":{"start":{"line":371,"column":0},"end":{"line":374,"column":2}},"127":{"start":{"line":372,"column":4},"end":{"line":372,"column":34}},"128":{"start":{"line":373,"column":4},"end":{"line":373,"column":46}},"129":{"start":{"line":378,"column":0},"end":{"line":396,"column":2}},"130":{"start":{"line":379,"column":4},"end":{"line":386,"column":6}},"131":{"start":{"line":389,"column":4},"end":{"line":395,"column":5}},"132":{"start":{"line":390,"column":8},"end":{"line":394,"column":9}},"133":{"start":{"line":391,"column":12},"end":{"line":391,"column":47}},"134":{"start":{"line":393,"column":12},"end":{"line":393,"column":56}}},"fnMap":{"0":{"name":"(anonymous_0)","decl":{"start":{"line":32,"column":19},"end":{"line":32,"column":20}},"loc":{"start":{"line":32,"column":33},"end":{"line":34,"column":1}},"line":32},"1":{"name":"(anonymous_1)","decl":{"start":{"line":47,"column":48},"end":{"line":47,"column":49}},"loc":{"start":{"line":47,"column":68},"end":{"line":74,"column":1}},"line":47},"2":{"name":"(anonymous_2)","decl":{"start":{"line":77,"column":52},"end":{"line":77,"column":53}},"loc":{"start":{"line":77,"column":72},"end":{"line":95,"column":1}},"line":77},"3":{"name":"(anonymous_3)","decl":{"start":{"line":98,"column":49},"end":{"line":98,"column":50}},"loc":{"start":{"line":98,"column":69},"end":{"line":135,"column":1}},"line":98},"4":{"name":"(anonymous_4)","decl":{"start":{"line":138,"column":52},"end":{"line":138,"column":53}},"loc":{"start":{"line":138,"column":72},"end":{"line":178,"column":1}},"line":138},"5":{"name":"(anonymous_5)","decl":{"start":{"line":181,"column":55},"end":{"line":181,"column":56}},"loc":{"start":{"line":181,"column":75},"end":{"line":214,"column":1}},"line":181},"6":{"name":"(anonymous_6)","decl":{"start":{"line":217,"column":51},"end":{"line":217,"column":52}},"loc":{"start":{"line":217,"column":71},"end":{"line":240,"column":1}},"line":217},"7":{"name":"(anonymous_7)","decl":{"start":{"line":231,"column":31},"end":{"line":231,"column":32}},"loc":{"start":{"line":231,"column":36},"end":{"line":231,"column":57}},"line":231},"8":{"name":"(anonymous_8)","decl":{"start":{"line":232,"column":34},"end":{"line":232,"column":35}},"loc":{"start":{"line":232,"column":39},"end":{"line":232,"column":63}},"line":232},"9":{"name":"(anonymous_9)","decl":{"start":{"line":233,"column":35},"end":{"line":233,"column":36}},"loc":{"start":{"line":233,"column":40},"end":{"line":233,"column":65}},"line":233},"10":{"name":"(anonymous_10)","decl":{"start":{"line":245,"column":28},"end":{"line":245,"column":29}},"loc":{"start":{"line":245,"column":48},"end":{"line":276,"column":1}},"line":245},"11":{"name":"(anonymous_11)","decl":{"start":{"line":279,"column":47},"end":{"line":279,"column":48}},"loc":{"start":{"line":279,"column":61},"end":{"line":281,"column":1}},"line":279},"12":{"name":"(anonymous_12)","decl":{"start":{"line":284,"column":48},"end":{"line":284,"column":49}},"loc":{"start":{"line":284,"column":62},"end":{"line":296,"column":1}},"line":284},"13":{"name":"authenticateUser","decl":{"start":{"line":301,"column":9},"end":{"line":301,"column":25}},"loc":{"start":{"line":301,"column":42},"end":{"line":317,"column":1}},"line":301},"14":{"name":"validateInput","decl":{"start":{"line":321,"column":9},"end":{"line":321,"column":22}},"loc":{"start":{"line":321,"column":29},"end":{"line":338,"column":1}},"line":321},"15":{"name":"logOperation","decl":{"start":{"line":340,"column":9},"end":{"line":340,"column":21}},"loc":{"start":{"line":340,"column":58},"end":{"line":344,"column":1}},"line":340},"16":{"name":"isToday","decl":{"start":{"line":346,"column":9},"end":{"line":346,"column":16}},"loc":{"start":{"line":346,"column":29},"end":{"line":350,"column":1}},"line":346},"17":{"name":"isThisWeek","decl":{"start":{"line":352,"column":9},"end":{"line":352,"column":19}},"loc":{"start":{"line":352,"column":32},"end":{"line":357,"column":1}},"line":352},"18":{"name":"isThisMonth","decl":{"start":{"line":359,"column":9},"end":{"line":359,"column":20}},"loc":{"start":{"line":359,"column":33},"end":{"line":363,"column":1}},"line":359},"19":{"name":"(anonymous_19)","decl":{"start":{"line":367,"column":8},"end":{"line":367,"column":9}},"loc":{"start":{"line":367,"column":22},"end":{"line":369,"column":1}},"line":367},"20":{"name":"(anonymous_20)","decl":{"start":{"line":371,"column":8},"end":{"line":371,"column":9}},"loc":{"start":{"line":371,"column":33},"end":{"line":374,"column":1}},"line":371},"21":{"name":"(anonymous_21)","decl":{"start":{"line":378,"column":17},"end":{"line":378,"column":18}},"loc":{"start":{"line":378,"column":29},"end":{"line":396,"column":1}},"line":378}},"branchMap":{"0":{"loc":{"start":{"line":15,"column":13},"end":{"line":15,"column":37}},"type":"binary-expr","locations":[{"start":{"line":15,"column":13},"end":{"line":15,"column":29}},{"start":{"line":15,"column":33},"end":{"line":15,"column":37}}],"line":15},"1":{"loc":{"start":{"line":26,"column":12},"end":{"line":26,"column":42}},"type":"binary-expr","locations":[{"start":{"line":26,"column":12},"end":{"line":26,"column":35}},{"start":{"line":26,"column":39},"end":{"line":26,"column":42}}],"line":26},"2":{"loc":{"start":{"line":50,"column":16},"end":{"line":50,"column":27}},"type":"default-arg","locations":[{"start":{"line":50,"column":24},"end":{"line":50,"column":27}}],"line":50},"3":{"loc":{"start":{"line":50,"column":29},"end":{"line":50,"column":39}},"type":"default-arg","locations":[{"start":{"line":50,"column":38},"end":{"line":50,"column":39}}],"line":50},"4":{"loc":{"start":{"line":58,"column":8},"end":{"line":61,"column":9}},"type":"if","locations":[{"start":{"line":58,"column":8},"end":{"line":61,"column":9}},{"start":{},"end":{}}],"line":58},"5":{"loc":{"start":{"line":87,"column":8},"end":{"line":89,"column":9}},"type":"if","locations":[{"start":{"line":87,"column":8},"end":{"line":89,"column":9}},{"start":{},"end":{}}],"line":87},"6":{"loc":{"start":{"line":109,"column":8},"end":{"line":111,"column":9}},"type":"if","locations":[{"start":{"line":109,"column":8},"end":{"line":111,"column":9}},{"start":{},"end":{}}],"line":109},"7":{"loc":{"start":{"line":118,"column":8},"end":{"line":121,"column":9}},"type":"if","locations":[{"start":{"line":118,"column":8},"end":{"line":121,"column":9}},{"start":{},"end":{}}],"line":118},"8":{"loc":{"start":{"line":154,"column":8},"end":{"line":156,"column":9}},"type":"if","locations":[{"start":{"line":154,"column":8},"end":{"line":156,"column":9}},{"start":{},"end":{}}],"line":154},"9":{"loc":{"start":{"line":154,"column":12},"end":{"line":154,"column":86}},"type":"binary-expr","locations":[{"start":{"line":154,"column":12},"end":{"line":154,"column":57}},{"start":{"line":154,"column":61},"end":{"line":154,"column":86}}],"line":154},"10":{"loc":{"start":{"line":164,"column":8},"end":{"line":166,"column":9}},"type":"if","locations":[{"start":{"line":164,"column":8},"end":{"line":166,"column":9}},{"start":{},"end":{}}],"line":164},"11":{"loc":{"start":{"line":192,"column":8},"end":{"line":194,"column":9}},"type":"if","locations":[{"start":{"line":192,"column":8},"end":{"line":194,"column":9}},{"start":{},"end":{}}],"line":192},"12":{"loc":{"start":{"line":192,"column":12},"end":{"line":192,"column":86}},"type":"binary-expr","locations":[{"start":{"line":192,"column":12},"end":{"line":192,"column":57}},{"start":{"line":192,"column":61},"end":{"line":192,"column":86}}],"line":192},"13":{"loc":{"start":{"line":201,"column":8},"end":{"line":203,"column":9}},"type":"if","locations":[{"start":{"line":201,"column":8},"end":{"line":203,"column":9}},{"start":{},"end":{}}],"line":201},"14":{"loc":{"start":{"line":225,"column":8},"end":{"line":227,"column":9}},"type":"if","locations":[{"start":{"line":225,"column":8},"end":{"line":227,"column":9}},{"start":{},"end":{}}],"line":225},"15":{"loc":{"start":{"line":250,"column":8},"end":{"line":272,"column":9}},"type":"if","locations":[{"start":{"line":250,"column":8},"end":{"line":272,"column":9}},{"start":{"line":270,"column":15},"end":{"line":272,"column":9}}],"line":250},"16":{"loc":{"start":{"line":250,"column":12},"end":{"line":250,"column":59}},"type":"binary-expr","locations":[{"start":{"line":250,"column":12},"end":{"line":250,"column":32}},{"start":{"line":250,"column":36},"end":{"line":250,"column":59}}],"line":250},"17":{"loc":{"start":{"line":304,"column":4},"end":{"line":306,"column":5}},"type":"if","locations":[{"start":{"line":304,"column":4},"end":{"line":306,"column":5}},{"start":{},"end":{}}],"line":304},"18":{"loc":{"start":{"line":304,"column":8},"end":{"line":304,"column":56}},"type":"binary-expr","locations":[{"start":{"line":304,"column":8},"end":{"line":304,"column":19}},{"start":{"line":304,"column":23},"end":{"line":304,"column":56}}],"line":304},"19":{"loc":{"start":{"line":325,"column":4},"end":{"line":327,"column":5}},"type":"if","locations":[{"start":{"line":325,"column":4},"end":{"line":327,"column":5}},{"start":{},"end":{}}],"line":325},"20":{"loc":{"start":{"line":325,"column":8},"end":{"line":325,"column":53}},"type":"binary-expr","locations":[{"start":{"line":325,"column":8},"end":{"line":325,"column":22}},{"start":{"line":325,"column":26},"end":{"line":325,"column":53}}],"line":325},"21":{"loc":{"start":{"line":330,"column":4},"end":{"line":332,"column":5}},"type":"if","locations":[{"start":{"line":330,"column":4},"end":{"line":332,"column":5}},{"start":{},"end":{}}],"line":330},"22":{"loc":{"start":{"line":336,"column":16},"end":{"line":336,"column":62}},"type":"cond-expr","locations":[{"start":{"line":336,"column":49},"end":{"line":336,"column":55}},{"start":{"line":336,"column":58},"end":{"line":336,"column":62}}],"line":336},"23":{"loc":{"start":{"line":362,"column":11},"end":{"line":362,"column":93}},"type":"binary-expr","locations":[{"start":{"line":362,"column":11},"end":{"line":362,"column":47}},{"start":{"line":362,"column":51},"end":{"line":362,"column":93}}],"line":362},"24":{"loc":{"start":{"line":389,"column":4},"end":{"line":395,"column":5}},"type":"if","locations":[{"start":{"line":389,"column":4},"end":{"line":395,"column":5}},{"start":{},"end":{}}],"line":389}},"s":{"0":0,"1":0,"2":0,"3":0,"4":0,"5":0,"6":0,"7":0,"8":0,"9":0,"10":0,"11":0,"12":0,"13":0,"14":0,"15":0,"16":0,"17":0,"18":0,"19":0,"20":0,"21":0,"22":0,"23":0,"24":0,"25":0,"26":0,"27":0,"28":0,"29":0,"30":0,"31":0,"32":0,"33":0,"34":0,"35":0,"36":0,"37":0,"38":0,"39":0,"40":0,"41":0,"42":0,"43":0,"44":0,"45":0,"46":0,"47":0,"48":0,"49":0,"50":0,"51":0,"52":0,"53":0,"54":0,"55":0,"56":0,"57":0,"58":0,"59":0,"60":0,"61":0,"62":0,"63":0,"64":0,"65":0,"66":0,"67":0,"68":0,"69":0,"70":0,"71":0,"72":0,"73":0,"74":0,"75":0,"76":0,"77":0,"78":0,"79":0,"80":0,"81":0,"82":0,"83":0,"84":0,"85":0,"86":0,"87":0,"88":0,"89":0,"90":0,"91":0,"92":0,"93":0,"94":0,"95":0,"96":0,"97":0,"98":0,"99":0,"100":0,"101":0,"102":0,"103":0,"104":0,"105":0,"106":0,"107":0,"108":0,"109":0,"110":0,"111":0,"112":0,"113":0,"114":0,"115":0,"116":0,"117":0,"118":0,"119":0,"120":0,"121":0,"122":0,"123":0,"124":0,"125":0,"126":0,"127":0,"128":0,"129":0,"130":0,"131":0,"132":0,"133":0,"134":0},"f":{"0":0,"1":0,"2":0,"3":0,"4":0,"5":0,"6":0,"7":0,"8":0,"9":0,"10":0,"11":0,"12":0,"13":0,"14":0,"15":0,"16":0,"17":0,"18":0,"19":0,"20":0,"21":0},"b":{"0":[0,0],"1":[0,0],"2":[0],"3":[0],"4":[0,0],"5":[0,0],"6":[0,0],"7":[0,0],"8":[0,0],"9":[0,0],"10":[0,0],"11":[0,0],"12":[0,0],"13":[0,0],"14":[0,0],"15":[0,0],"16":[0,0],"17":[0,0],"18":[0,0],"19":[0,0],"20":[0,0],"21":[0,0],"22":[0,0],"23":[0,0],"24":[0,0]}}
,"/Users/renkangguo/迪奇孚瑞/食品安全系统开发/Tianjiabing_foodtestlab/backend/config/supabaseClient.js": {"path":"/Users/renkangguo/迪奇孚瑞/食品安全系统开发/Tianjiabing_foodtestlab/backend/config/supabaseClient.js","statementMap":{"0":{"start":{"line":10,"column":0},"end":{"line":10,"column":16}},"1":{"start":{"line":12,"column":20},"end":{"line":12,"column":44}},"2":{"start":{"line":13,"column":20},"end":{"line":13,"column":44}},"3":{"start":{"line":15,"column":0},"end":{"line":17,"column":1}},"4":{"start":{"line":16,"column":4},"end":{"line":16,"column":59}},"5":{"start":{"line":19,"column":24},"end":{"line":19,"column":62}}},"fnMap":{},"branchMap":{"0":{"loc":{"start":{"line":15,"column":0},"end":{"line":17,"column":1}},"type":"if","locations":[{"start":{"line":15,"column":0},"end":{"line":17,"column":1}},{"start":{},"end":{}}],"line":15},"1":{"loc":{"start":{"line":15,"column":4},"end":{"line":15,"column":32}},"type":"binary-expr","locations":[{"start":{"line":15,"column":4},"end":{"line":15,"column":16}},{"start":{"line":15,"column":20},"end":{"line":15,"column":32}}],"line":15}},"s":{"0":0,"1":0,"2":0,"3":0,"4":0,"5":0},"f":{},"b":{"0":[0,0],"1":[0,0]}}
,"/Users/renkangguo/迪奇孚瑞/食品安全系统开发/Tianjiabing_foodtestlab/backend/config/telemetry.js": {"path":"/Users/renkangguo/迪奇孚瑞/食品安全系统开发/Tianjiabing_foodtestlab/backend/config/telemetry.js","statementMap":{"0":{"start":{"line":6,"column":20},"end":{"line":6,"column":54}},"1":{"start":{"line":7,"column":40},"end":{"line":7,"column":92}},"2":{"start":{"line":8,"column":42},"end":{"line":8,"column":79}},"3":{"start":{"line":9,"column":31},"end":{"line":9,"column":76}},"4":{"start":{"line":10,"column":31},"end":{"line":10,"column":71}},"5":{"start":{"line":11,"column":27},"end":{"line":11,"column":74}},"6":{"start":{"line":12,"column":21},"end":{"line":12,"column":56}},"7":{"start":{"line":13,"column":39},"end":{"line":13,"column":85}},"8":{"start":{"line":16,"column":17},"end":{"line":22,"column":1}},"9":{"start":{"line":25,"column":23},"end":{"line":28,"column":2}},"10":{"start":{"line":31,"column":27},"end":{"line":39,"column":1}},"11":{"start":{"line":37,"column":4},"end":{"line":37,"column":68}},"12":{"start":{"line":42,"column":12},"end":{"line":62,"column":2}},"13":{"start":{"line":65,"column":0},"end":{"line":65,"column":12}},"14":{"start":{"line":67,"column":0},"end":{"line":67,"column":44}},"15":{"start":{"line":68,"column":0},"end":{"line":68,"column":104}},"16":{"start":{"line":69,"column":0},"end":{"line":69,"column":59}},"17":{"start":{"line":72,"column":0},"end":{"line":83,"column":3}},"18":{"start":{"line":73,"column":2},"end":{"line":82,"column":7}},"19":{"start":{"line":76,"column":6},"end":{"line":76,"column":65}},"20":{"start":{"line":77,"column":6},"end":{"line":77,"column":22}},"21":{"start":{"line":80,"column":6},"end":{"line":80,"column":69}},"22":{"start":{"line":81,"column":6},"end":{"line":81,"column":22}},"23":{"start":{"line":85,"column":0},"end":{"line":85,"column":21}}},"fnMap":{"0":{"name":"(anonymous_0)","decl":{"start":{"line":36,"column":2},"end":{"line":36,"column":3}},"loc":{"start":{"line":36,"column":8},"end":{"line":38,"column":3}},"line":36},"1":{"name":"(anonymous_1)","decl":{"start":{"line":72,"column":22},"end":{"line":72,"column":23}},"loc":{"start":{"line":72,"column":28},"end":{"line":83,"column":1}},"line":72},"2":{"name":"(anonymous_2)","decl":{"start":{"line":75,"column":10},"end":{"line":75,"column":11}},"loc":{"start":{"line":75,"column":16},"end":{"line":78,"column":5}},"line":75},"3":{"name":"(anonymous_3)","decl":{"start":{"line":79,"column":11},"end":{"line":79,"column":12}},"loc":{"start":{"line":79,"column":20},"end":{"line":82,"column":5}},"line":79}},"branchMap":{"0":{"loc":{"start":{"line":20,"column":17},"end":{"line":20,"column":54}},"type":"binary-expr","locations":[{"start":{"line":20,"column":17},"end":{"line":20,"column":37}},{"start":{"line":20,"column":41},"end":{"line":20,"column":54}}],"line":20},"1":{"loc":{"start":{"line":26,"column":12},"end":{"line":26,"column":78}},"type":"binary-expr","locations":[{"start":{"line":26,"column":12},"end":{"line":26,"column":39}},{"start":{"line":26,"column":43},"end":{"line":26,"column":78}}],"line":26},"2":{"loc":{"start":{"line":33,"column":19},"end":{"line":33,"column":53}},"type":"binary-expr","locations":[{"start":{"line":33,"column":19},"end":{"line":33,"column":43}},{"start":{"line":33,"column":47},"end":{"line":33,"column":53}}],"line":33},"3":{"loc":{"start":{"line":68,"column":44},"end":{"line":68,"column":99}},"type":"binary-expr","locations":[{"start":{"line":68,"column":44},"end":{"line":68,"column":71}},{"start":{"line":68,"column":75},"end":{"line":68,"column":99}}],"line":68}},"s":{"0":0,"1":0,"2":0,"3":0,"4":0,"5":0,"6":0,"7":0,"8":0,"9":0,"10":0,"11":0,"12":0,"13":0,"14":0,"15":0,"16":0,"17":0,"18":0,"19":0,"20":0,"21":0,"22":0,"23":0},"f":{"0":0,"1":0,"2":0,"3":0},"b":{"0":[0,0],"1":[0,0],"2":[0,0],"3":[0,0]}}
,"/Users/renkangguo/迪奇孚瑞/食品安全系统开发/Tianjiabing_foodtestlab/backend/config/testDataInitializer.js": {"path":"/Users/renkangguo/迪奇孚瑞/食品安全系统开发/Tianjiabing_foodtestlab/backend/config/testDataInitializer.js","statementMap":{"0":{"start":{"line":14,"column":4},"end":{"line":120,"column":5}},"1":{"start":{"line":15,"column":8},"end":{"line":15,"column":39}},"2":{"start":{"line":19,"column":30},"end":{"line":19,"column":92}},"3":{"start":{"line":23,"column":29},"end":{"line":23,"column":92}},"4":{"start":{"line":25,"column":26},"end":{"line":60,"column":9}},"5":{"start":{"line":62,"column":27},"end":{"line":62,"column":28}},"6":{"start":{"line":63,"column":27},"end":{"line":63,"column":28}},"7":{"start":{"line":65,"column":8},"end":{"line":113,"column":9}},"8":{"start":{"line":67,"column":62},"end":{"line":71,"column":25}},"9":{"start":{"line":73,"column":12},"end":{"line":96,"column":13}},"10":{"start":{"line":75,"column":46},"end":{"line":79,"column":29}},"11":{"start":{"line":81,"column":16},"end":{"line":94,"column":17}},"12":{"start":{"line":83,"column":51},"end":{"line":86,"column":58}},"13":{"start":{"line":88,"column":20},"end":{"line":91,"column":21}},"14":{"start":{"line":89,"column":24},"end":{"line":89,"column":72}},"15":{"start":{"line":90,"column":24},"end":{"line":90,"column":39}},"16":{"start":{"line":93,"column":20},"end":{"line":93,"column":66}},"17":{"start":{"line":95,"column":16},"end":{"line":95,"column":25}},"18":{"start":{"line":99,"column":58},"end":{"line":102,"column":60}},"19":{"start":{"line":104,"column":12},"end":{"line":107,"column":13}},"20":{"start":{"line":105,"column":16},"end":{"line":105,"column":88}},"21":{"start":{"line":106,"column":16},"end":{"line":106,"column":25}},"22":{"start":{"line":109,"column":12},"end":{"line":112,"column":13}},"23":{"start":{"line":110,"column":16},"end":{"line":110,"column":82}},"24":{"start":{"line":111,"column":16},"end":{"line":111,"column":31}},"25":{"start":{"line":115,"column":8},"end":{"line":115,"column":75}},"26":{"start":{"line":116,"column":8},"end":{"line":116,"column":61}},"27":{"start":{"line":118,"column":8},"end":{"line":118,"column":51}},"28":{"start":{"line":119,"column":8},"end":{"line":119,"column":56}},"29":{"start":{"line":129,"column":4},"end":{"line":139,"column":5}},"30":{"start":{"line":130,"column":36},"end":{"line":133,"column":113}},"31":{"start":{"line":135,"column":8},"end":{"line":135,"column":31}},"32":{"start":{"line":137,"column":8},"end":{"line":137,"column":52}},"33":{"start":{"line":138,"column":8},"end":{"line":138,"column":18}},"34":{"start":{"line":147,"column":4},"end":{"line":165,"column":5}},"35":{"start":{"line":148,"column":8},"end":{"line":148,"column":38}},"36":{"start":{"line":150,"column":26},"end":{"line":153,"column":92}},"37":{"start":{"line":155,"column":8},"end":{"line":158,"column":9}},"38":{"start":{"line":156,"column":12},"end":{"line":156,"column":56}},"39":{"start":{"line":157,"column":12},"end":{"line":157,"column":60}},"40":{"start":{"line":160,"column":8},"end":{"line":160,"column":34}},"41":{"start":{"line":161,"column":8},"end":{"line":161,"column":33}},"42":{"start":{"line":163,"column":8},"end":{"line":163,"column":52}},"43":{"start":{"line":164,"column":8},"end":{"line":164,"column":56}}},"fnMap":{"0":{"name":"initializeTestUsers","decl":{"start":{"line":13,"column":22},"end":{"line":13,"column":41}},"loc":{"start":{"line":13,"column":52},"end":{"line":121,"column":1}},"line":13},"1":{"name":"getTestCredentials","decl":{"start":{"line":128,"column":22},"end":{"line":128,"column":40}},"loc":{"start":{"line":128,"column":51},"end":{"line":140,"column":1}},"line":128},"2":{"name":"cleanupTestUsers","decl":{"start":{"line":146,"column":22},"end":{"line":146,"column":38}},"loc":{"start":{"line":146,"column":49},"end":{"line":166,"column":1}},"line":146}},"branchMap":{"0":{"loc":{"start":{"line":73,"column":12},"end":{"line":96,"column":13}},"type":"if","locations":[{"start":{"line":73,"column":12},"end":{"line":96,"column":13}},{"start":{},"end":{}}],"line":73},"1":{"loc":{"start":{"line":73,"column":16},"end":{"line":73,"column":43}},"type":"binary-expr","locations":[{"start":{"line":73,"column":16},"end":{"line":73,"column":27}},{"start":{"line":73,"column":31},"end":{"line":73,"column":43}}],"line":73},"2":{"loc":{"start":{"line":81,"column":16},"end":{"line":94,"column":17}},"type":"if","locations":[{"start":{"line":81,"column":16},"end":{"line":94,"column":17}},{"start":{"line":92,"column":23},"end":{"line":94,"column":17}}],"line":81},"3":{"loc":{"start":{"line":81,"column":20},"end":{"line":81,"column":87}},"type":"binary-expr","locations":[{"start":{"line":81,"column":20},"end":{"line":81,"column":31}},{"start":{"line":81,"column":35},"end":{"line":81,"column":87}}],"line":81},"4":{"loc":{"start":{"line":88,"column":20},"end":{"line":91,"column":21}},"type":"if","locations":[{"start":{"line":88,"column":20},"end":{"line":91,"column":21}},{"start":{},"end":{}}],"line":88},"5":{"loc":{"start":{"line":104,"column":12},"end":{"line":107,"column":13}},"type":"if","locations":[{"start":{"line":104,"column":12},"end":{"line":107,"column":13}},{"start":{},"end":{}}],"line":104},"6":{"loc":{"start":{"line":109,"column":12},"end":{"line":112,"column":13}},"type":"if","locations":[{"start":{"line":109,"column":12},"end":{"line":112,"column":13}},{"start":{},"end":{}}],"line":109},"7":{"loc":{"start":{"line":109,"column":16},"end":{"line":109,"column":45}},"type":"binary-expr","locations":[{"start":{"line":109,"column":16},"end":{"line":109,"column":23}},{"start":{"line":109,"column":27},"end":{"line":109,"column":45}}],"line":109},"8":{"loc":{"start":{"line":135,"column":15},"end":{"line":135,"column":30}},"type":"binary-expr","locations":[{"start":{"line":135,"column":15},"end":{"line":135,"column":24}},{"start":{"line":135,"column":28},"end":{"line":135,"column":30}}],"line":135},"9":{"loc":{"start":{"line":155,"column":8},"end":{"line":158,"column":9}},"type":"if","locations":[{"start":{"line":155,"column":8},"end":{"line":158,"column":9}},{"start":{},"end":{}}],"line":155}},"s":{"0":0,"1":0,"2":0,"3":0,"4":0,"5":0,"6":0,"7":0,"8":0,"9":0,"10":0,"11":0,"12":0,"13":0,"14":0,"15":0,"16":0,"17":0,"18":0,"19":0,"20":0,"21":0,"22":0,"23":0,"24":0,"25":0,"26":0,"27":0,"28":0,"29":0,"30":0,"31":0,"32":0,"33":0,"34":0,"35":0,"36":0,"37":0,"38":0,"39":0,"40":0,"41":0,"42":0,"43":0},"f":{"0":0,"1":0,"2":0},"b":{"0":[0,0],"1":[0,0],"2":[0,0],"3":[0,0],"4":[0,0],"5":[0,0],"6":[0,0],"7":[0,0],"8":[0,0],"9":[0,0]}}
,"/Users/renkangguo/迪奇孚瑞/食品安全系统开发/Tianjiabing_foodtestlab/backend/middleware/validationMiddleware.js": {"path":"/Users/renkangguo/迪奇孚瑞/食品安全系统开发/Tianjiabing_foodtestlab/backend/middleware/validationMiddleware.js","statementMap":{"0":{"start":{"line":9,"column":4},"end":{"line":11,"column":5}},"1":{"start":{"line":10,"column":8},"end":{"line":10,"column":19}},"2":{"start":{"line":13,"column":22},"end":{"line":20,"column":5}},"3":{"start":{"line":22,"column":4},"end":{"line":22,"column":64}},"4":{"start":{"line":22,"column":48},"end":{"line":22,"column":63}},"5":{"start":{"line":26,"column":4},"end":{"line":28,"column":5}},"6":{"start":{"line":27,"column":8},"end":{"line":27,"column":19}},"7":{"start":{"line":30,"column":20},"end":{"line":34,"column":45}},"8":{"start":{"line":36,"column":4},"end":{"line":36,"column":20}},"9":{"start":{"line":40,"column":4},"end":{"line":42,"column":5}},"10":{"start":{"line":41,"column":8},"end":{"line":41,"column":19}},"11":{"start":{"line":44,"column":4},"end":{"line":44,"column":41}},"12":{"start":{"line":50,"column":4},"end":{"line":52,"column":5}},"13":{"start":{"line":51,"column":8},"end":{"line":51,"column":20}},"14":{"start":{"line":54,"column":33},"end":{"line":63,"column":5}},"15":{"start":{"line":65,"column":4},"end":{"line":69,"column":5}},"16":{"start":{"line":66,"column":8},"end":{"line":68,"column":9}},"17":{"start":{"line":67,"column":12},"end":{"line":67,"column":23}},"18":{"start":{"line":71,"column":4},"end":{"line":71,"column":16}},"19":{"start":{"line":77,"column":4},"end":{"line":79,"column":5}},"20":{"start":{"line":78,"column":8},"end":{"line":78,"column":33}},"21":{"start":{"line":81,"column":4},"end":{"line":91,"column":5}},"22":{"start":{"line":82,"column":8},"end":{"line":84,"column":9}},"23":{"start":{"line":83,"column":12},"end":{"line":83,"column":55}},"24":{"start":{"line":83,"column":36},"end":{"line":83,"column":54}},"25":{"start":{"line":86,"column":26},"end":{"line":86,"column":28}},"26":{"start":{"line":87,"column":8},"end":{"line":89,"column":9}},"27":{"start":{"line":88,"column":12},"end":{"line":88,"column":62}},"28":{"start":{"line":90,"column":8},"end":{"line":90,"column":24}},"29":{"start":{"line":93,"column":4},"end":{"line":93,"column":15}},"30":{"start":{"line":103,"column":4},"end":{"line":148,"column":5}},"31":{"start":{"line":104,"column":8},"end":{"line":147,"column":9}},"32":{"start":{"line":106,"column":12},"end":{"line":114,"column":13}},"33":{"start":{"line":107,"column":16},"end":{"line":112,"column":17}},"34":{"start":{"line":108,"column":20},"end":{"line":111,"column":22}},"35":{"start":{"line":113,"column":16},"end":{"line":113,"column":29}},"36":{"start":{"line":117,"column":34},"end":{"line":117,"column":36}},"37":{"start":{"line":118,"column":12},"end":{"line":122,"column":13}},"38":{"start":{"line":119,"column":16},"end":{"line":121,"column":17}},"39":{"start":{"line":120,"column":20},"end":{"line":120,"column":45}},"40":{"start":{"line":124,"column":12},"end":{"line":129,"column":13}},"41":{"start":{"line":125,"column":16},"end":{"line":128,"column":18}},"42":{"start":{"line":132,"column":31},"end":{"line":132,"column":69}},"43":{"start":{"line":133,"column":12},"end":{"line":138,"column":13}},"44":{"start":{"line":134,"column":16},"end":{"line":137,"column":18}},"45":{"start":{"line":141,"column":12},"end":{"line":141,"column":54}},"46":{"start":{"line":143,"column":12},"end":{"line":143,"column":18}},"47":{"start":{"line":145,"column":12},"end":{"line":145,"column":45}},"48":{"start":{"line":146,"column":12},"end":{"line":146,"column":56}},"49":{"start":{"line":155,"column":19},"end":{"line":155,"column":21}},"50":{"start":{"line":156,"column":26},"end":{"line":156,"column":86}},"51":{"start":{"line":158,"column":4},"end":{"line":187,"column":5}},"52":{"start":{"line":159,"column":22},"end":{"line":159,"column":33}},"53":{"start":{"line":162,"column":8},"end":{"line":164,"column":9}},"54":{"start":{"line":163,"column":12},"end":{"line":163,"column":20}},"55":{"start":{"line":167,"column":8},"end":{"line":175,"column":9}},"56":{"start":{"line":168,"column":12},"end":{"line":174,"column":13}},"57":{"start":{"line":169,"column":16},"end":{"line":173,"column":18}},"58":{"start":{"line":178,"column":8},"end":{"line":186,"column":9}},"59":{"start":{"line":179,"column":12},"end":{"line":185,"column":13}},"60":{"start":{"line":180,"column":16},"end":{"line":184,"column":18}},"61":{"start":{"line":189,"column":4},"end":{"line":192,"column":5}},"62":{"start":{"line":199,"column":4},"end":{"line":201,"column":5}},"63":{"start":{"line":200,"column":8},"end":{"line":200,"column":20}},"64":{"start":{"line":203,"column":24},"end":{"line":212,"column":5}},"65":{"start":{"line":214,"column":4},"end":{"line":218,"column":5}},"66":{"start":{"line":215,"column":8},"end":{"line":217,"column":9}},"67":{"start":{"line":216,"column":12},"end":{"line":216,"column":23}},"68":{"start":{"line":220,"column":4},"end":{"line":220,"column":16}},"69":{"start":{"line":225,"column":31},"end":{"line":266,"column":1}},"70":{"start":{"line":227,"column":27},"end":{"line":227,"column":55}},"71":{"start":{"line":228,"column":8},"end":{"line":228,"column":37}},"72":{"start":{"line":232,"column":30},"end":{"line":232,"column":52}},"73":{"start":{"line":233,"column":8},"end":{"line":233,"column":40}},"74":{"start":{"line":237,"column":8},"end":{"line":237,"column":41}},"75":{"start":{"line":241,"column":27},"end":{"line":241,"column":42}},"76":{"start":{"line":242,"column":8},"end":{"line":242,"column":56}},"77":{"start":{"line":246,"column":8},"end":{"line":251,"column":9}},"78":{"start":{"line":247,"column":12},"end":{"line":247,"column":26}},"79":{"start":{"line":248,"column":12},"end":{"line":248,"column":23}},"80":{"start":{"line":250,"column":12},"end":{"line":250,"column":24}},"81":{"start":{"line":255,"column":8},"end":{"line":255,"column":44}},"82":{"start":{"line":259,"column":8},"end":{"line":259,"column":62}},"83":{"start":{"line":263,"column":24},"end":{"line":263,"column":39}},"84":{"start":{"line":264,"column":8},"end":{"line":264,"column":40}},"85":{"start":{"line":272,"column":4},"end":{"line":293,"column":5}},"86":{"start":{"line":273,"column":22},"end":{"line":273,"column":41}},"87":{"start":{"line":275,"column":8},"end":{"line":277,"column":9}},"88":{"start":{"line":276,"column":12},"end":{"line":276,"column":25}},"89":{"start":{"line":279,"column":26},"end":{"line":279,"column":57}},"90":{"start":{"line":280,"column":8},"end":{"line":284,"column":9}},"91":{"start":{"line":281,"column":12},"end":{"line":283,"column":14}},"92":{"start":{"line":286,"column":8},"end":{"line":290,"column":9}},"93":{"start":{"line":287,"column":12},"end":{"line":289,"column":14}},"94":{"start":{"line":292,"column":8},"end":{"line":292,"column":14}},"95":{"start":{"line":300,"column":4},"end":{"line":315,"column":5}},"96":{"start":{"line":301,"column":25},"end":{"line":301,"column":48}},"97":{"start":{"line":303,"column":19},"end":{"line":303,"column":20}},"98":{"start":{"line":304,"column":8},"end":{"line":312,"column":10}},"99":{"start":{"line":305,"column":12},"end":{"line":305,"column":32}},"100":{"start":{"line":306,"column":12},"end":{"line":311,"column":13}},"101":{"start":{"line":307,"column":16},"end":{"line":307,"column":40}},"102":{"start":{"line":308,"column":16},"end":{"line":310,"column":18}},"103":{"start":{"line":314,"column":8},"end":{"line":314,"column":14}},"104":{"start":{"line":322,"column":4},"end":{"line":343,"column":5}},"105":{"start":{"line":323,"column":28},"end":{"line":323,"column":37}},"106":{"start":{"line":326,"column":8},"end":{"line":332,"column":9}},"107":{"start":{"line":327,"column":12},"end":{"line":331,"column":13}},"108":{"start":{"line":328,"column":16},"end":{"line":328,"column":51}},"109":{"start":{"line":335,"column":8},"end":{"line":335,"column":27}},"110":{"start":{"line":336,"column":8},"end":{"line":340,"column":9}},"111":{"start":{"line":337,"column":12},"end":{"line":339,"column":13}},"112":{"start":{"line":338,"column":16},"end":{"line":338,"column":72}},"113":{"start":{"line":342,"column":8},"end":{"line":342,"column":14}},"114":{"start":{"line":350,"column":23},"end":{"line":350,"column":32}},"115":{"start":{"line":352,"column":4},"end":{"line":374,"column":5}},"116":{"start":{"line":353,"column":20},"end":{"line":353,"column":58}},"117":{"start":{"line":354,"column":20},"end":{"line":354,"column":30}},"118":{"start":{"line":356,"column":8},"end":{"line":358,"column":9}},"119":{"start":{"line":357,"column":12},"end":{"line":357,"column":35}},"120":{"start":{"line":360,"column":25},"end":{"line":360,"column":44}},"121":{"start":{"line":363,"column":30},"end":{"line":363,"column":86}},"122":{"start":{"line":363,"column":59},"end":{"line":363,"column":85}},"123":{"start":{"line":364,"column":8},"end":{"line":364,"column":42}},"124":{"start":{"line":366,"column":8},"end":{"line":370,"column":9}},"125":{"start":{"line":367,"column":12},"end":{"line":369,"column":14}},"126":{"start":{"line":372,"column":8},"end":{"line":372,"column":31}},"127":{"start":{"line":373,"column":8},"end":{"line":373,"column":14}},"128":{"start":{"line":389,"column":8},"end":{"line":389,"column":14}},"129":{"start":{"line":391,"column":4},"end":{"line":396,"column":5}},"130":{"start":{"line":404,"column":4},"end":{"line":445,"column":5}},"131":{"start":{"line":405,"column":27},"end":{"line":405,"column":52}},"132":{"start":{"line":407,"column":8},"end":{"line":409,"column":9}},"133":{"start":{"line":408,"column":12},"end":{"line":408,"column":61}},"134":{"start":{"line":411,"column":22},"end":{"line":411,"column":45}},"135":{"start":{"line":412,"column":27},"end":{"line":412,"column":74}},"136":{"start":{"line":414,"column":8},"end":{"line":441,"column":9}},"137":{"start":{"line":415,"column":28},"end":{"line":415,"column":77}},"138":{"start":{"line":418,"column":12},"end":{"line":436,"column":13}},"139":{"start":{"line":419,"column":16},"end":{"line":426,"column":18}},"140":{"start":{"line":429,"column":16},"end":{"line":435,"column":18}},"141":{"start":{"line":438,"column":12},"end":{"line":438,"column":19}},"142":{"start":{"line":440,"column":12},"end":{"line":440,"column":81}},"143":{"start":{"line":443,"column":8},"end":{"line":443,"column":40}},"144":{"start":{"line":444,"column":8},"end":{"line":444,"column":49}}},"fnMap":{"0":{"name":"escapeHtml","decl":{"start":{"line":8,"column":16},"end":{"line":8,"column":26}},"loc":{"start":{"line":8,"column":33},"end":{"line":23,"column":1}},"line":8},"1":{"name":"(anonymous_1)","decl":{"start":{"line":22,"column":38},"end":{"line":22,"column":39}},"loc":{"start":{"line":22,"column":48},"end":{"line":22,"column":63}},"line":22},"2":{"name":"sanitizeHtml","decl":{"start":{"line":25,"column":16},"end":{"line":25,"column":28}},"loc":{"start":{"line":25,"column":35},"end":{"line":37,"column":1}},"line":25},"3":{"name":"sanitizeText","decl":{"start":{"line":39,"column":16},"end":{"line":39,"column":28}},"loc":{"start":{"line":39,"column":35},"end":{"line":45,"column":1}},"line":39},"4":{"name":"detectSqlInjection","decl":{"start":{"line":49,"column":16},"end":{"line":49,"column":34}},"loc":{"start":{"line":49,"column":42},"end":{"line":72,"column":1}},"line":49},"5":{"name":"sanitizeData","decl":{"start":{"line":76,"column":16},"end":{"line":76,"column":28}},"loc":{"start":{"line":76,"column":35},"end":{"line":94,"column":1}},"line":76},"6":{"name":"(anonymous_6)","decl":{"start":{"line":83,"column":28},"end":{"line":83,"column":29}},"loc":{"start":{"line":83,"column":36},"end":{"line":83,"column":54}},"line":83},"7":{"name":"validateRequestBody","decl":{"start":{"line":102,"column":16},"end":{"line":102,"column":35}},"loc":{"start":{"line":102,"column":57},"end":{"line":149,"column":1}},"line":102},"8":{"name":"(anonymous_8)","decl":{"start":{"line":103,"column":11},"end":{"line":103,"column":12}},"loc":{"start":{"line":103,"column":31},"end":{"line":148,"column":5}},"line":103},"9":{"name":"validateData","decl":{"start":{"line":154,"column":16},"end":{"line":154,"column":28}},"loc":{"start":{"line":154,"column":55},"end":{"line":193,"column":1}},"line":154},"10":{"name":"detectXss","decl":{"start":{"line":198,"column":16},"end":{"line":198,"column":25}},"loc":{"start":{"line":198,"column":33},"end":{"line":221,"column":1}},"line":198},"11":{"name":"(anonymous_11)","decl":{"start":{"line":226,"column":11},"end":{"line":226,"column":12}},"loc":{"start":{"line":226,"column":22},"end":{"line":229,"column":5}},"line":226},"12":{"name":"(anonymous_12)","decl":{"start":{"line":231,"column":14},"end":{"line":231,"column":15}},"loc":{"start":{"line":231,"column":25},"end":{"line":234,"column":5}},"line":231},"13":{"name":"(anonymous_13)","decl":{"start":{"line":236,"column":14},"end":{"line":236,"column":15}},"loc":{"start":{"line":236,"column":25},"end":{"line":238,"column":5}},"line":236},"14":{"name":"(anonymous_14)","decl":{"start":{"line":240,"column":11},"end":{"line":240,"column":12}},"loc":{"start":{"line":240,"column":22},"end":{"line":243,"column":5}},"line":240},"15":{"name":"(anonymous_15)","decl":{"start":{"line":245,"column":9},"end":{"line":245,"column":10}},"loc":{"start":{"line":245,"column":20},"end":{"line":252,"column":5}},"line":245},"16":{"name":"(anonymous_16)","decl":{"start":{"line":254,"column":13},"end":{"line":254,"column":14}},"loc":{"start":{"line":254,"column":24},"end":{"line":256,"column":5}},"line":254},"17":{"name":"(anonymous_17)","decl":{"start":{"line":258,"column":12},"end":{"line":258,"column":13}},"loc":{"start":{"line":258,"column":23},"end":{"line":260,"column":5}},"line":258},"18":{"name":"(anonymous_18)","decl":{"start":{"line":262,"column":10},"end":{"line":262,"column":11}},"loc":{"start":{"line":262,"column":21},"end":{"line":265,"column":5}},"line":262},"19":{"name":"validateField","decl":{"start":{"line":271,"column":16},"end":{"line":271,"column":29}},"loc":{"start":{"line":271,"column":57},"end":{"line":294,"column":1}},"line":271},"20":{"name":"(anonymous_20)","decl":{"start":{"line":272,"column":11},"end":{"line":272,"column":12}},"loc":{"start":{"line":272,"column":31},"end":{"line":293,"column":5}},"line":272},"21":{"name":"limitRequestSize","decl":{"start":{"line":299,"column":16},"end":{"line":299,"column":32}},"loc":{"start":{"line":299,"column":49},"end":{"line":316,"column":1}},"line":299},"22":{"name":"(anonymous_22)","decl":{"start":{"line":300,"column":11},"end":{"line":300,"column":12}},"loc":{"start":{"line":300,"column":31},"end":{"line":315,"column":5}},"line":300},"23":{"name":"(anonymous_23)","decl":{"start":{"line":304,"column":23},"end":{"line":304,"column":24}},"loc":{"start":{"line":304,"column":34},"end":{"line":312,"column":9}},"line":304},"24":{"name":"validateQueryParams","decl":{"start":{"line":321,"column":16},"end":{"line":321,"column":35}},"loc":{"start":{"line":321,"column":56},"end":{"line":344,"column":1}},"line":321},"25":{"name":"(anonymous_25)","decl":{"start":{"line":322,"column":11},"end":{"line":322,"column":12}},"loc":{"start":{"line":322,"column":31},"end":{"line":343,"column":5}},"line":322},"26":{"name":"rateLimit","decl":{"start":{"line":349,"column":16},"end":{"line":349,"column":25}},"loc":{"start":{"line":349,"column":72},"end":{"line":375,"column":1}},"line":349},"27":{"name":"(anonymous_27)","decl":{"start":{"line":352,"column":11},"end":{"line":352,"column":12}},"loc":{"start":{"line":352,"column":31},"end":{"line":374,"column":5}},"line":352},"28":{"name":"(anonymous_28)","decl":{"start":{"line":363,"column":46},"end":{"line":363,"column":47}},"loc":{"start":{"line":363,"column":59},"end":{"line":363,"column":85}},"line":363},"29":{"name":"createValidationMiddleware","decl":{"start":{"line":382,"column":16},"end":{"line":382,"column":42}},"loc":{"start":{"line":382,"column":56},"end":{"line":397,"column":1}},"line":382},"30":{"name":"validateToken","decl":{"start":{"line":403,"column":16},"end":{"line":403,"column":29}},"loc":{"start":{"line":403,"column":46},"end":{"line":446,"column":1}},"line":403}},"branchMap":{"0":{"loc":{"start":{"line":9,"column":4},"end":{"line":11,"column":5}},"type":"if","locations":[{"start":{"line":9,"column":4},"end":{"line":11,"column":5}},{"start":{},"end":{}}],"line":9},"1":{"loc":{"start":{"line":26,"column":4},"end":{"line":28,"column":5}},"type":"if","locations":[{"start":{"line":26,"column":4},"end":{"line":28,"column":5}},{"start":{},"end":{}}],"line":26},"2":{"loc":{"start":{"line":40,"column":4},"end":{"line":42,"column":5}},"type":"if","locations":[{"start":{"line":40,"column":4},"end":{"line":42,"column":5}},{"start":{},"end":{}}],"line":40},"3":{"loc":{"start":{"line":50,"column":4},"end":{"line":52,"column":5}},"type":"if","locations":[{"start":{"line":50,"column":4},"end":{"line":52,"column":5}},{"start":{},"end":{}}],"line":50},"4":{"loc":{"start":{"line":66,"column":8},"end":{"line":68,"column":9}},"type":"if","locations":[{"start":{"line":66,"column":8},"end":{"line":68,"column":9}},{"start":{},"end":{}}],"line":66},"5":{"loc":{"start":{"line":77,"column":4},"end":{"line":79,"column":5}},"type":"if","locations":[{"start":{"line":77,"column":4},"end":{"line":79,"column":5}},{"start":{},"end":{}}],"line":77},"6":{"loc":{"start":{"line":81,"column":4},"end":{"line":91,"column":5}},"type":"if","locations":[{"start":{"line":81,"column":4},"end":{"line":91,"column":5}},{"start":{},"end":{}}],"line":81},"7":{"loc":{"start":{"line":81,"column":8},"end":{"line":81,"column":49}},"type":"binary-expr","locations":[{"start":{"line":81,"column":8},"end":{"line":81,"column":32}},{"start":{"line":81,"column":36},"end":{"line":81,"column":49}}],"line":81},"8":{"loc":{"start":{"line":82,"column":8},"end":{"line":84,"column":9}},"type":"if","locations":[{"start":{"line":82,"column":8},"end":{"line":84,"column":9}},{"start":{},"end":{}}],"line":82},"9":{"loc":{"start":{"line":102,"column":36},"end":{"line":102,"column":55}},"type":"default-arg","locations":[{"start":{"line":102,"column":53},"end":{"line":102,"column":55}}],"line":102},"10":{"loc":{"start":{"line":106,"column":12},"end":{"line":114,"column":13}},"type":"if","locations":[{"start":{"line":106,"column":12},"end":{"line":114,"column":13}},{"start":{},"end":{}}],"line":106},"11":{"loc":{"start":{"line":106,"column":16},"end":{"line":106,"column":63}},"type":"binary-expr","locations":[{"start":{"line":106,"column":16},"end":{"line":106,"column":25}},{"start":{"line":106,"column":29},"end":{"line":106,"column":63}}],"line":106},"12":{"loc":{"start":{"line":107,"column":16},"end":{"line":112,"column":17}},"type":"if","locations":[{"start":{"line":107,"column":16},"end":{"line":112,"column":17}},{"start":{},"end":{}}],"line":107},"13":{"loc":{"start":{"line":119,"column":16},"end":{"line":121,"column":17}},"type":"if","locations":[{"start":{"line":119,"column":16},"end":{"line":121,"column":17}},{"start":{},"end":{}}],"line":119},"14":{"loc":{"start":{"line":124,"column":12},"end":{"line":129,"column":13}},"type":"if","locations":[{"start":{"line":124,"column":12},"end":{"line":129,"column":13}},{"start":{},"end":{}}],"line":124},"15":{"loc":{"start":{"line":133,"column":12},"end":{"line":138,"column":13}},"type":"if","locations":[{"start":{"line":133,"column":12},"end":{"line":138,"column":13}},{"start":{},"end":{}}],"line":133},"16":{"loc":{"start":{"line":154,"column":35},"end":{"line":154,"column":53}},"type":"default-arg","locations":[{"start":{"line":154,"column":51},"end":{"line":154,"column":53}}],"line":154},"17":{"loc":{"start":{"line":156,"column":26},"end":{"line":156,"column":86}},"type":"cond-expr","locations":[{"start":{"line":156,"column":53},"end":{"line":156,"column":66}},{"start":{"line":156,"column":69},"end":{"line":156,"column":86}}],"line":156},"18":{"loc":{"start":{"line":162,"column":8},"end":{"line":164,"column":9}},"type":"if","locations":[{"start":{"line":162,"column":8},"end":{"line":164,"column":9}},{"start":{},"end":{}}],"line":162},"19":{"loc":{"start":{"line":162,"column":12},"end":{"line":162,"column":77}},"type":"binary-expr","locations":[{"start":{"line":162,"column":12},"end":{"line":162,"column":18}},{"start":{"line":162,"column":22},"end":{"line":162,"column":47}},{"start":{"line":162,"column":51},"end":{"line":162,"column":77}}],"line":162},"20":{"loc":{"start":{"line":167,"column":8},"end":{"line":175,"column":9}},"type":"if","locations":[{"start":{"line":167,"column":8},"end":{"line":175,"column":9}},{"start":{},"end":{}}],"line":167},"21":{"loc":{"start":{"line":168,"column":12},"end":{"line":174,"column":13}},"type":"if","locations":[{"start":{"line":168,"column":12},"end":{"line":174,"column":13}},{"start":{},"end":{}}],"line":168},"22":{"loc":{"start":{"line":178,"column":8},"end":{"line":186,"column":9}},"type":"if","locations":[{"start":{"line":178,"column":8},"end":{"line":186,"column":9}},{"start":{},"end":{}}],"line":178},"23":{"loc":{"start":{"line":179,"column":12},"end":{"line":185,"column":13}},"type":"if","locations":[{"start":{"line":179,"column":12},"end":{"line":185,"column":13}},{"start":{},"end":{}}],"line":179},"24":{"loc":{"start":{"line":199,"column":4},"end":{"line":201,"column":5}},"type":"if","locations":[{"start":{"line":199,"column":4},"end":{"line":201,"column":5}},{"start":{},"end":{}}],"line":199},"25":{"loc":{"start":{"line":215,"column":8},"end":{"line":217,"column":9}},"type":"if","locations":[{"start":{"line":215,"column":8},"end":{"line":217,"column":9}},{"start":{},"end":{}}],"line":215},"26":{"loc":{"start":{"line":237,"column":15},"end":{"line":237,"column":41}},"type":"binary-expr","locations":[{"start":{"line":237,"column":15},"end":{"line":237,"column":20}},{"start":{"line":237,"column":24},"end":{"line":237,"column":41}}],"line":237},"27":{"loc":{"start":{"line":259,"column":15},"end":{"line":259,"column":62}},"type":"binary-expr","locations":[{"start":{"line":259,"column":15},"end":{"line":259,"column":28}},{"start":{"line":259,"column":32},"end":{"line":259,"column":44}},{"start":{"line":259,"column":48},"end":{"line":259,"column":62}}],"line":259},"28":{"loc":{"start":{"line":275,"column":8},"end":{"line":277,"column":9}},"type":"if","locations":[{"start":{"line":275,"column":8},"end":{"line":277,"column":9}},{"start":{},"end":{}}],"line":275},"29":{"loc":{"start":{"line":280,"column":8},"end":{"line":284,"column":9}},"type":"if","locations":[{"start":{"line":280,"column":8},"end":{"line":284,"column":9}},{"start":{},"end":{}}],"line":280},"30":{"loc":{"start":{"line":286,"column":8},"end":{"line":290,"column":9}},"type":"if","locations":[{"start":{"line":286,"column":8},"end":{"line":290,"column":9}},{"start":{},"end":{}}],"line":286},"31":{"loc":{"start":{"line":299,"column":33},"end":{"line":299,"column":47}},"type":"default-arg","locations":[{"start":{"line":299,"column":45},"end":{"line":299,"column":47}}],"line":299},"32":{"loc":{"start":{"line":306,"column":12},"end":{"line":311,"column":13}},"type":"if","locations":[{"start":{"line":306,"column":12},"end":{"line":311,"column":13}},{"start":{},"end":{}}],"line":306},"33":{"loc":{"start":{"line":321,"column":36},"end":{"line":321,"column":54}},"type":"default-arg","locations":[{"start":{"line":321,"column":52},"end":{"line":321,"column":54}}],"line":321},"34":{"loc":{"start":{"line":327,"column":12},"end":{"line":331,"column":13}},"type":"if","locations":[{"start":{"line":327,"column":12},"end":{"line":331,"column":13}},{"start":{},"end":{}}],"line":327},"35":{"loc":{"start":{"line":337,"column":12},"end":{"line":339,"column":13}},"type":"if","locations":[{"start":{"line":337,"column":12},"end":{"line":339,"column":13}},{"start":{},"end":{}}],"line":337},"36":{"loc":{"start":{"line":349,"column":26},"end":{"line":349,"column":43}},"type":"default-arg","locations":[{"start":{"line":349,"column":40},"end":{"line":349,"column":43}}],"line":349},"37":{"loc":{"start":{"line":349,"column":45},"end":{"line":349,"column":70}},"type":"default-arg","locations":[{"start":{"line":349,"column":56},"end":{"line":349,"column":70}}],"line":349},"38":{"loc":{"start":{"line":353,"column":20},"end":{"line":353,"column":58}},"type":"binary-expr","locations":[{"start":{"line":353,"column":20},"end":{"line":353,"column":26}},{"start":{"line":353,"column":30},"end":{"line":353,"column":58}}],"line":353},"39":{"loc":{"start":{"line":356,"column":8},"end":{"line":358,"column":9}},"type":"if","locations":[{"start":{"line":356,"column":8},"end":{"line":358,"column":9}},{"start":{},"end":{}}],"line":356},"40":{"loc":{"start":{"line":366,"column":8},"end":{"line":370,"column":9}},"type":"if","locations":[{"start":{"line":366,"column":8},"end":{"line":370,"column":9}},{"start":{},"end":{}}],"line":366},"41":{"loc":{"start":{"line":382,"column":43},"end":{"line":382,"column":54}},"type":"default-arg","locations":[{"start":{"line":382,"column":52},"end":{"line":382,"column":54}}],"line":382},"42":{"loc":{"start":{"line":384,"column":8},"end":{"line":384,"column":27}},"type":"default-arg","locations":[{"start":{"line":384,"column":25},"end":{"line":384,"column":27}}],"line":384},"43":{"loc":{"start":{"line":385,"column":8},"end":{"line":385,"column":25}},"type":"default-arg","locations":[{"start":{"line":385,"column":22},"end":{"line":385,"column":25}}],"line":385},"44":{"loc":{"start":{"line":386,"column":8},"end":{"line":386,"column":40}},"type":"default-arg","locations":[{"start":{"line":386,"column":26},"end":{"line":386,"column":40}}],"line":386},"45":{"loc":{"start":{"line":387,"column":8},"end":{"line":387,"column":27}},"type":"default-arg","locations":[{"start":{"line":387,"column":25},"end":{"line":387,"column":27}}],"line":387},"46":{"loc":{"start":{"line":388,"column":8},"end":{"line":388,"column":31}},"type":"default-arg","locations":[{"start":{"line":388,"column":29},"end":{"line":388,"column":31}}],"line":388},"47":{"loc":{"start":{"line":407,"column":8},"end":{"line":409,"column":9}},"type":"if","locations":[{"start":{"line":407,"column":8},"end":{"line":409,"column":9}},{"start":{},"end":{}}],"line":407},"48":{"loc":{"start":{"line":407,"column":12},"end":{"line":407,"column":60}},"type":"binary-expr","locations":[{"start":{"line":407,"column":12},"end":{"line":407,"column":23}},{"start":{"line":407,"column":27},"end":{"line":407,"column":60}}],"line":407},"49":{"loc":{"start":{"line":412,"column":27},"end":{"line":412,"column":74}},"type":"binary-expr","locations":[{"start":{"line":412,"column":27},"end":{"line":412,"column":49}},{"start":{"line":412,"column":53},"end":{"line":412,"column":74}}],"line":412},"50":{"loc":{"start":{"line":418,"column":12},"end":{"line":436,"column":13}},"type":"if","locations":[{"start":{"line":418,"column":12},"end":{"line":436,"column":13}},{"start":{"line":427,"column":19},"end":{"line":436,"column":13}}],"line":418}},"s":{"0":0,"1":0,"2":0,"3":0,"4":0,"5":0,"6":0,"7":0,"8":0,"9":0,"10":0,"11":0,"12":0,"13":0,"14":0,"15":0,"16":0,"17":0,"18":0,"19":0,"20":0,"21":0,"22":0,"23":0,"24":0,"25":0,"26":0,"27":0,"28":0,"29":0,"30":0,"31":0,"32":0,"33":0,"34":0,"35":0,"36":0,"37":0,"38":0,"39":0,"40":0,"41":0,"42":0,"43":0,"44":0,"45":0,"46":0,"47":0,"48":0,"49":0,"50":0,"51":0,"52":0,"53":0,"54":0,"55":0,"56":0,"57":0,"58":0,"59":0,"60":0,"61":0,"62":0,"63":0,"64":0,"65":0,"66":0,"67":0,"68":0,"69":0,"70":0,"71":0,"72":0,"73":0,"74":0,"75":0,"76":0,"77":0,"78":0,"79":0,"80":0,"81":0,"82":0,"83":0,"84":0,"85":0,"86":0,"87":0,"88":0,"89":0,"90":0,"91":0,"92":0,"93":0,"94":0,"95":0,"96":0,"97":0,"98":0,"99":0,"100":0,"101":0,"102":0,"103":0,"104":0,"105":0,"106":0,"107":0,"108":0,"109":0,"110":0,"111":0,"112":0,"113":0,"114":0,"115":0,"116":0,"117":0,"118":0,"119":0,"120":0,"121":0,"122":0,"123":0,"124":0,"125":0,"126":0,"127":0,"128":0,"129":0,"130":0,"131":0,"132":0,"133":0,"134":0,"135":0,"136":0,"137":0,"138":0,"139":0,"140":0,"141":0,"142":0,"143":0,"144":0},"f":{"0":0,"1":0,"2":0,"3":0,"4":0,"5":0,"6":0,"7":0,"8":0,"9":0,"10":0,"11":0,"12":0,"13":0,"14":0,"15":0,"16":0,"17":0,"18":0,"19":0,"20":0,"21":0,"22":0,"23":0,"24":0,"25":0,"26":0,"27":0,"28":0,"29":0,"30":0},"b":{"0":[0,0],"1":[0,0],"2":[0,0],"3":[0,0],"4":[0,0],"5":[0,0],"6":[0,0],"7":[0,0],"8":[0,0],"9":[0],"10":[0,0],"11":[0,0],"12":[0,0],"13":[0,0],"14":[0,0],"15":[0,0],"16":[0],"17":[0,0],"18":[0,0],"19":[0,0,0],"20":[0,0],"21":[0,0],"22":[0,0],"23":[0,0],"24":[0,0],"25":[0,0],"26":[0,0],"27":[0,0,0],"28":[0,0],"29":[0,0],"30":[0,0],"31":[0],"32":[0,0],"33":[0],"34":[0,0],"35":[0,0],"36":[0],"37":[0],"38":[0,0],"39":[0,0],"40":[0,0],"41":[0],"42":[0],"43":[0],"44":[0],"45":[0],"46":[0],"47":[0,0],"48":[0,0],"49":[0,0],"50":[0,0]}}
,"/Users/renkangguo/迪奇孚瑞/食品安全系统开发/Tianjiabing_foodtestlab/backend/modules/UserManager.js": {"path":"/Users/renkangguo/迪奇孚瑞/食品安全系统开发/Tianjiabing_foodtestlab/backend/modules/UserManager.js","statementMap":{"0":{"start":{"line":11,"column":8},"end":{"line":11,"column":38}},"1":{"start":{"line":12,"column":8},"end":{"line":12,"column":34}},"2":{"start":{"line":18,"column":8},"end":{"line":75,"column":9}},"3":{"start":{"line":20,"column":12},"end":{"line":20,"column":75}},"4":{"start":{"line":23,"column":43},"end":{"line":27,"column":25}},"5":{"start":{"line":29,"column":12},"end":{"line":31,"column":13}},"6":{"start":{"line":30,"column":16},"end":{"line":30,"column":41}},"7":{"start":{"line":34,"column":44},"end":{"line":38,"column":25}},"8":{"start":{"line":40,"column":12},"end":{"line":42,"column":13}},"9":{"start":{"line":41,"column":16},"end":{"line":41,"column":41}},"10":{"start":{"line":45,"column":33},"end":{"line":45,"column":66}},"11":{"start":{"line":48,"column":45},"end":{"line":59,"column":63}},"12":{"start":{"line":61,"column":12},"end":{"line":63,"column":13}},"13":{"start":{"line":62,"column":16},"end":{"line":62,"column":59}},"14":{"start":{"line":65,"column":12},"end":{"line":65,"column":48}},"15":{"start":{"line":67,"column":12},"end":{"line":71,"column":13}},"16":{"start":{"line":73,"column":12},"end":{"line":73,"column":55}},"17":{"start":{"line":74,"column":12},"end":{"line":74,"column":23}},"18":{"start":{"line":81,"column":8},"end":{"line":138,"column":9}},"19":{"start":{"line":83,"column":42},"end":{"line":87,"column":25}},"20":{"start":{"line":89,"column":12},"end":{"line":91,"column":13}},"21":{"start":{"line":90,"column":16},"end":{"line":90,"column":45}},"22":{"start":{"line":94,"column":12},"end":{"line":96,"column":13}},"23":{"start":{"line":95,"column":16},"end":{"line":95,"column":42}},"24":{"start":{"line":99,"column":34},"end":{"line":99,"column":86}},"25":{"start":{"line":101,"column":12},"end":{"line":105,"column":13}},"26":{"start":{"line":103,"column":16},"end":{"line":103,"column":50}},"27":{"start":{"line":104,"column":16},"end":{"line":104,"column":45}},"28":{"start":{"line":108,"column":26},"end":{"line":117,"column":13}},"29":{"start":{"line":120,"column":12},"end":{"line":120,"column":47}},"30":{"start":{"line":122,"column":12},"end":{"line":122,"column":48}},"31":{"start":{"line":124,"column":12},"end":{"line":134,"column":13}},"32":{"start":{"line":136,"column":12},"end":{"line":136,"column":55}},"33":{"start":{"line":137,"column":12},"end":{"line":137,"column":23}},"34":{"start":{"line":144,"column":8},"end":{"line":193,"column":9}},"35":{"start":{"line":146,"column":42},"end":{"line":150,"column":25}},"36":{"start":{"line":152,"column":12},"end":{"line":154,"column":13}},"37":{"start":{"line":153,"column":16},"end":{"line":153,"column":40}},"38":{"start":{"line":157,"column":34},"end":{"line":157,"column":89}},"39":{"start":{"line":159,"column":12},"end":{"line":161,"column":13}},"40":{"start":{"line":160,"column":16},"end":{"line":160,"column":40}},"41":{"start":{"line":164,"column":12},"end":{"line":166,"column":13}},"42":{"start":{"line":165,"column":16},"end":{"line":165,"column":44}},"43":{"start":{"line":169,"column":36},"end":{"line":169,"column":72}},"44":{"start":{"line":172,"column":43},"end":{"line":178,"column":33}},"45":{"start":{"line":180,"column":12},"end":{"line":182,"column":13}},"46":{"start":{"line":181,"column":16},"end":{"line":181,"column":65}},"47":{"start":{"line":184,"column":12},"end":{"line":184,"column":47}},"48":{"start":{"line":186,"column":12},"end":{"line":189,"column":13}},"49":{"start":{"line":191,"column":12},"end":{"line":191,"column":55}},"50":{"start":{"line":192,"column":12},"end":{"line":192,"column":23}},"51":{"start":{"line":197,"column":8},"end":{"line":228,"column":9}},"52":{"start":{"line":199,"column":12},"end":{"line":201,"column":13}},"53":{"start":{"line":200,"column":16},"end":{"line":200,"column":43}},"54":{"start":{"line":204,"column":33},"end":{"line":204,"column":69}},"55":{"start":{"line":207,"column":30},"end":{"line":213,"column":33}},"56":{"start":{"line":215,"column":12},"end":{"line":217,"column":13}},"57":{"start":{"line":216,"column":16},"end":{"line":216,"column":59}},"58":{"start":{"line":219,"column":12},"end":{"line":219,"column":47}},"59":{"start":{"line":221,"column":12},"end":{"line":224,"column":13}},"60":{"start":{"line":226,"column":12},"end":{"line":226,"column":55}},"61":{"start":{"line":227,"column":12},"end":{"line":227,"column":23}},"62":{"start":{"line":234,"column":8},"end":{"line":252,"column":9}},"63":{"start":{"line":235,"column":42},"end":{"line":239,"column":25}},"64":{"start":{"line":241,"column":12},"end":{"line":243,"column":13}},"65":{"start":{"line":242,"column":16},"end":{"line":242,"column":40}},"66":{"start":{"line":245,"column":12},"end":{"line":248,"column":13}},"67":{"start":{"line":250,"column":12},"end":{"line":250,"column":57}},"68":{"start":{"line":251,"column":12},"end":{"line":251,"column":23}},"69":{"start":{"line":256,"column":8},"end":{"line":288,"column":9}},"70":{"start":{"line":258,"column":35},"end":{"line":258,"column":57}},"71":{"start":{"line":259,"column":36},"end":{"line":259,"column":38}},"72":{"start":{"line":261,"column":12},"end":{"line":265,"column":13}},"73":{"start":{"line":262,"column":16},"end":{"line":264,"column":17}},"74":{"start":{"line":263,"column":20},"end":{"line":263,"column":55}},"75":{"start":{"line":267,"column":12},"end":{"line":267,"column":65}},"76":{"start":{"line":269,"column":49},"end":{"line":273,"column":71}},"77":{"start":{"line":275,"column":12},"end":{"line":277,"column":13}},"78":{"start":{"line":276,"column":16},"end":{"line":276,"column":61}},"79":{"start":{"line":279,"column":12},"end":{"line":279,"column":47}},"80":{"start":{"line":281,"column":12},"end":{"line":284,"column":13}},"81":{"start":{"line":286,"column":12},"end":{"line":286,"column":57}},"82":{"start":{"line":287,"column":12},"end":{"line":287,"column":23}},"83":{"start":{"line":294,"column":8},"end":{"line":315,"column":9}},"84":{"start":{"line":295,"column":50},"end":{"line":299,"column":58}},"85":{"start":{"line":301,"column":12},"end":{"line":303,"column":13}},"86":{"start":{"line":302,"column":16},"end":{"line":302,"column":61}},"87":{"start":{"line":305,"column":12},"end":{"line":311,"column":13}},"88":{"start":{"line":313,"column":12},"end":{"line":313,"column":57}},"89":{"start":{"line":314,"column":12},"end":{"line":314,"column":23}},"90":{"start":{"line":321,"column":8},"end":{"line":340,"column":9}},"91":{"start":{"line":322,"column":30},"end":{"line":325,"column":33}},"92":{"start":{"line":327,"column":12},"end":{"line":329,"column":13}},"93":{"start":{"line":328,"column":16},"end":{"line":328,"column":59}},"94":{"start":{"line":331,"column":12},"end":{"line":331,"column":45}},"95":{"start":{"line":333,"column":12},"end":{"line":336,"column":13}},"96":{"start":{"line":338,"column":12},"end":{"line":338,"column":55}},"97":{"start":{"line":339,"column":12},"end":{"line":339,"column":23}},"98":{"start":{"line":344,"column":8},"end":{"line":363,"column":9}},"99":{"start":{"line":345,"column":30},"end":{"line":348,"column":33}},"100":{"start":{"line":350,"column":12},"end":{"line":352,"column":13}},"101":{"start":{"line":351,"column":16},"end":{"line":351,"column":59}},"102":{"start":{"line":354,"column":12},"end":{"line":354,"column":45}},"103":{"start":{"line":356,"column":12},"end":{"line":359,"column":13}},"104":{"start":{"line":361,"column":12},"end":{"line":361,"column":55}},"105":{"start":{"line":362,"column":12},"end":{"line":362,"column":23}},"106":{"start":{"line":367,"column":8},"end":{"line":391,"column":9}},"107":{"start":{"line":368,"column":31},"end":{"line":368,"column":59}},"108":{"start":{"line":369,"column":12},"end":{"line":371,"column":13}},"109":{"start":{"line":370,"column":16},"end":{"line":370,"column":52}},"110":{"start":{"line":373,"column":30},"end":{"line":376,"column":33}},"111":{"start":{"line":378,"column":12},"end":{"line":380,"column":13}},"112":{"start":{"line":379,"column":16},"end":{"line":379,"column":59}},"113":{"start":{"line":382,"column":12},"end":{"line":382,"column":59}},"114":{"start":{"line":384,"column":12},"end":{"line":387,"column":13}},"115":{"start":{"line":389,"column":12},"end":{"line":389,"column":55}},"116":{"start":{"line":390,"column":12},"end":{"line":390,"column":23}},"117":{"start":{"line":397,"column":23},"end":{"line":397,"column":25}},"118":{"start":{"line":399,"column":8},"end":{"line":401,"column":9}},"119":{"start":{"line":400,"column":12},"end":{"line":400,"column":36}},"120":{"start":{"line":403,"column":8},"end":{"line":405,"column":9}},"121":{"start":{"line":404,"column":12},"end":{"line":404,"column":33}},"122":{"start":{"line":407,"column":8},"end":{"line":409,"column":9}},"123":{"start":{"line":408,"column":12},"end":{"line":408,"column":35}},"124":{"start":{"line":411,"column":8},"end":{"line":413,"column":9}},"125":{"start":{"line":412,"column":12},"end":{"line":412,"column":31}},"126":{"start":{"line":415,"column":8},"end":{"line":417,"column":9}},"127":{"start":{"line":416,"column":12},"end":{"line":416,"column":46}},"128":{"start":{"line":421,"column":27},"end":{"line":421,"column":55}},"129":{"start":{"line":422,"column":8},"end":{"line":422,"column":37}},"130":{"start":{"line":426,"column":8},"end":{"line":433,"column":9}},"131":{"start":{"line":427,"column":12},"end":{"line":430,"column":33}},"132":{"start":{"line":432,"column":12},"end":{"line":432,"column":59}},"133":{"start":{"line":437,"column":8},"end":{"line":447,"column":9}},"134":{"start":{"line":438,"column":12},"end":{"line":444,"column":19}},"135":{"start":{"line":446,"column":12},"end":{"line":446,"column":57}},"136":{"start":{"line":451,"column":8},"end":{"line":462,"column":9}},"137":{"start":{"line":452,"column":28},"end":{"line":452,"column":61}},"138":{"start":{"line":453,"column":12},"end":{"line":456,"column":13}},"139":{"start":{"line":458,"column":12},"end":{"line":461,"column":13}}},"fnMap":{"0":{"name":"(anonymous_0)","decl":{"start":{"line":10,"column":4},"end":{"line":10,"column":5}},"loc":{"start":{"line":10,"column":43},"end":{"line":13,"column":5}},"line":10},"1":{"name":"(anonymous_1)","decl":{"start":{"line":17,"column":4},"end":{"line":17,"column":5}},"loc":{"start":{"line":17,"column":60},"end":{"line":76,"column":5}},"line":17},"2":{"name":"(anonymous_2)","decl":{"start":{"line":80,"column":4},"end":{"line":80,"column":5}},"loc":{"start":{"line":80,"column":40},"end":{"line":139,"column":5}},"line":80},"3":{"name":"(anonymous_3)","decl":{"start":{"line":143,"column":4},"end":{"line":143,"column":5}},"loc":{"start":{"line":143,"column":59},"end":{"line":194,"column":5}},"line":143},"4":{"name":"(anonymous_4)","decl":{"start":{"line":196,"column":4},"end":{"line":196,"column":5}},"loc":{"start":{"line":196,"column":45},"end":{"line":229,"column":5}},"line":196},"5":{"name":"(anonymous_5)","decl":{"start":{"line":233,"column":4},"end":{"line":233,"column":5}},"loc":{"start":{"line":233,"column":33},"end":{"line":253,"column":5}},"line":233},"6":{"name":"(anonymous_6)","decl":{"start":{"line":255,"column":4},"end":{"line":255,"column":5}},"loc":{"start":{"line":255,"column":45},"end":{"line":289,"column":5}},"line":255},"7":{"name":"(anonymous_7)","decl":{"start":{"line":293,"column":4},"end":{"line":293,"column":5}},"loc":{"start":{"line":293,"column":47},"end":{"line":316,"column":5}},"line":293},"8":{"name":"(anonymous_8)","decl":{"start":{"line":320,"column":4},"end":{"line":320,"column":5}},"loc":{"start":{"line":320,"column":30},"end":{"line":341,"column":5}},"line":320},"9":{"name":"(anonymous_9)","decl":{"start":{"line":343,"column":4},"end":{"line":343,"column":5}},"loc":{"start":{"line":343,"column":29},"end":{"line":364,"column":5}},"line":343},"10":{"name":"(anonymous_10)","decl":{"start":{"line":366,"column":4},"end":{"line":366,"column":5}},"loc":{"start":{"line":366,"column":42},"end":{"line":392,"column":5}},"line":366},"11":{"name":"(anonymous_11)","decl":{"start":{"line":396,"column":4},"end":{"line":396,"column":5}},"loc":{"start":{"line":396,"column":63},"end":{"line":418,"column":5}},"line":396},"12":{"name":"(anonymous_12)","decl":{"start":{"line":420,"column":4},"end":{"line":420,"column":5}},"loc":{"start":{"line":420,"column":24},"end":{"line":423,"column":5}},"line":420},"13":{"name":"(anonymous_13)","decl":{"start":{"line":425,"column":4},"end":{"line":425,"column":5}},"loc":{"start":{"line":425,"column":34},"end":{"line":434,"column":5}},"line":425},"14":{"name":"(anonymous_14)","decl":{"start":{"line":436,"column":4},"end":{"line":436,"column":5}},"loc":{"start":{"line":436,"column":33},"end":{"line":448,"column":5}},"line":436},"15":{"name":"(anonymous_15)","decl":{"start":{"line":450,"column":4},"end":{"line":450,"column":5}},"loc":{"start":{"line":450,"column":23},"end":{"line":463,"column":5}},"line":450}},"branchMap":{"0":{"loc":{"start":{"line":29,"column":12},"end":{"line":31,"column":13}},"type":"if","locations":[{"start":{"line":29,"column":12},"end":{"line":31,"column":13}},{"start":{},"end":{}}],"line":29},"1":{"loc":{"start":{"line":40,"column":12},"end":{"line":42,"column":13}},"type":"if","locations":[{"start":{"line":40,"column":12},"end":{"line":42,"column":13}},{"start":{},"end":{}}],"line":40},"2":{"loc":{"start":{"line":61,"column":12},"end":{"line":63,"column":13}},"type":"if","locations":[{"start":{"line":61,"column":12},"end":{"line":63,"column":13}},{"start":{},"end":{}}],"line":61},"3":{"loc":{"start":{"line":89,"column":12},"end":{"line":91,"column":13}},"type":"if","locations":[{"start":{"line":89,"column":12},"end":{"line":91,"column":13}},{"start":{},"end":{}}],"line":89},"4":{"loc":{"start":{"line":89,"column":16},"end":{"line":89,"column":30}},"type":"binary-expr","locations":[{"start":{"line":89,"column":16},"end":{"line":89,"column":21}},{"start":{"line":89,"column":25},"end":{"line":89,"column":30}}],"line":89},"5":{"loc":{"start":{"line":94,"column":12},"end":{"line":96,"column":13}},"type":"if","locations":[{"start":{"line":94,"column":12},"end":{"line":96,"column":13}},{"start":{},"end":{}}],"line":94},"6":{"loc":{"start":{"line":101,"column":12},"end":{"line":105,"column":13}},"type":"if","locations":[{"start":{"line":101,"column":12},"end":{"line":105,"column":13}},{"start":{},"end":{}}],"line":101},"7":{"loc":{"start":{"line":152,"column":12},"end":{"line":154,"column":13}},"type":"if","locations":[{"start":{"line":152,"column":12},"end":{"line":154,"column":13}},{"start":{},"end":{}}],"line":152},"8":{"loc":{"start":{"line":152,"column":16},"end":{"line":152,"column":30}},"type":"binary-expr","locations":[{"start":{"line":152,"column":16},"end":{"line":152,"column":21}},{"start":{"line":152,"column":25},"end":{"line":152,"column":30}}],"line":152},"9":{"loc":{"start":{"line":159,"column":12},"end":{"line":161,"column":13}},"type":"if","locations":[{"start":{"line":159,"column":12},"end":{"line":161,"column":13}},{"start":{},"end":{}}],"line":159},"10":{"loc":{"start":{"line":164,"column":12},"end":{"line":166,"column":13}},"type":"if","locations":[{"start":{"line":164,"column":12},"end":{"line":166,"column":13}},{"start":{},"end":{}}],"line":164},"11":{"loc":{"start":{"line":180,"column":12},"end":{"line":182,"column":13}},"type":"if","locations":[{"start":{"line":180,"column":12},"end":{"line":182,"column":13}},{"start":{},"end":{}}],"line":180},"12":{"loc":{"start":{"line":199,"column":12},"end":{"line":201,"column":13}},"type":"if","locations":[{"start":{"line":199,"column":12},"end":{"line":201,"column":13}},{"start":{},"end":{}}],"line":199},"13":{"loc":{"start":{"line":215,"column":12},"end":{"line":217,"column":13}},"type":"if","locations":[{"start":{"line":215,"column":12},"end":{"line":217,"column":13}},{"start":{},"end":{}}],"line":215},"14":{"loc":{"start":{"line":241,"column":12},"end":{"line":243,"column":13}},"type":"if","locations":[{"start":{"line":241,"column":12},"end":{"line":243,"column":13}},{"start":{},"end":{}}],"line":241},"15":{"loc":{"start":{"line":241,"column":16},"end":{"line":241,"column":30}},"type":"binary-expr","locations":[{"start":{"line":241,"column":16},"end":{"line":241,"column":21}},{"start":{"line":241,"column":25},"end":{"line":241,"column":30}}],"line":241},"16":{"loc":{"start":{"line":262,"column":16},"end":{"line":264,"column":17}},"type":"if","locations":[{"start":{"line":262,"column":16},"end":{"line":264,"column":17}},{"start":{},"end":{}}],"line":262},"17":{"loc":{"start":{"line":275,"column":12},"end":{"line":277,"column":13}},"type":"if","locations":[{"start":{"line":275,"column":12},"end":{"line":277,"column":13}},{"start":{},"end":{}}],"line":275},"18":{"loc":{"start":{"line":293,"column":22},"end":{"line":293,"column":33}},"type":"default-arg","locations":[{"start":{"line":293,"column":30},"end":{"line":293,"column":33}}],"line":293},"19":{"loc":{"start":{"line":293,"column":35},"end":{"line":293,"column":45}},"type":"default-arg","locations":[{"start":{"line":293,"column":44},"end":{"line":293,"column":45}}],"line":293},"20":{"loc":{"start":{"line":301,"column":12},"end":{"line":303,"column":13}},"type":"if","locations":[{"start":{"line":301,"column":12},"end":{"line":303,"column":13}},{"start":{},"end":{}}],"line":301},"21":{"loc":{"start":{"line":327,"column":12},"end":{"line":329,"column":13}},"type":"if","locations":[{"start":{"line":327,"column":12},"end":{"line":329,"column":13}},{"start":{},"end":{}}],"line":327},"22":{"loc":{"start":{"line":350,"column":12},"end":{"line":352,"column":13}},"type":"if","locations":[{"start":{"line":350,"column":12},"end":{"line":352,"column":13}},{"start":{},"end":{}}],"line":350},"23":{"loc":{"start":{"line":369,"column":12},"end":{"line":371,"column":13}},"type":"if","locations":[{"start":{"line":369,"column":12},"end":{"line":371,"column":13}},{"start":{},"end":{}}],"line":369},"24":{"loc":{"start":{"line":378,"column":12},"end":{"line":380,"column":13}},"type":"if","locations":[{"start":{"line":378,"column":12},"end":{"line":380,"column":13}},{"start":{},"end":{}}],"line":378},"25":{"loc":{"start":{"line":399,"column":8},"end":{"line":401,"column":9}},"type":"if","locations":[{"start":{"line":399,"column":8},"end":{"line":401,"column":9}},{"start":{},"end":{}}],"line":399},"26":{"loc":{"start":{"line":399,"column":12},"end":{"line":399,"column":44}},"type":"binary-expr","locations":[{"start":{"line":399,"column":12},"end":{"line":399,"column":21}},{"start":{"line":399,"column":25},"end":{"line":399,"column":44}}],"line":399},"27":{"loc":{"start":{"line":403,"column":8},"end":{"line":405,"column":9}},"type":"if","locations":[{"start":{"line":403,"column":8},"end":{"line":405,"column":9}},{"start":{},"end":{}}],"line":403},"28":{"loc":{"start":{"line":403,"column":12},"end":{"line":403,"column":47}},"type":"binary-expr","locations":[{"start":{"line":403,"column":12},"end":{"line":403,"column":18}},{"start":{"line":403,"column":22},"end":{"line":403,"column":47}}],"line":403},"29":{"loc":{"start":{"line":407,"column":8},"end":{"line":409,"column":9}},"type":"if","locations":[{"start":{"line":407,"column":8},"end":{"li
[...]
mn":16}},{"start":{"line":71,"column":8},"end":{"line":79,"column":16}},{"start":{"line":81,"column":8},"end":{"line":82,"column":45}}],"line":49},"3":{"loc":{"start":{"line":54,"column":16},"end":{"line":54,"column":47}},"type":"binary-expr","locations":[{"start":{"line":54,"column":16},"end":{"line":54,"column":23}},{"start":{"line":54,"column":27},"end":{"line":54,"column":47}}],"line":54},"4":{"loc":{"start":{"line":125,"column":4},"end":{"line":130,"column":5}},"type":"if","locations":[{"start":{"line":125,"column":4},"end":{"line":130,"column":5}},{"start":{},"end":{}}],"line":125},"5":{"loc":{"start":{"line":125,"column":8},"end":{"line":125,"column":24}},"type":"binary-expr","locations":[{"start":{"line":125,"column":8},"end":{"line":125,"column":15}},{"start":{"line":125,"column":19},"end":{"line":125,"column":24}}],"line":125},"6":{"loc":{"start":{"line":146,"column":6},"end":{"line":177,"column":7}},"type":"switch","locations":[{"start":{"line":147,"column":8},"end":{"line":155,"column":16}},{"start":{"line":157,"column":8},"end":{"line":164,"column":16}},{"start":{"line":166,"column":8},"end":{"line":173,"column":16}},{"start":{"line":175,"column":8},"end":{"line":176,"column":45}}],"line":146},"7":{"loc":{"start":{"line":150,"column":16},"end":{"line":150,"column":49}},"type":"binary-expr","locations":[{"start":{"line":150,"column":16},"end":{"line":150,"column":23}},{"start":{"line":150,"column":27},"end":{"line":150,"column":49}}],"line":150},"8":{"loc":{"start":{"line":216,"column":4},"end":{"line":221,"column":5}},"type":"if","locations":[{"start":{"line":216,"column":4},"end":{"line":221,"column":5}},{"start":{},"end":{}}],"line":216},"9":{"loc":{"start":{"line":290,"column":4},"end":{"line":292,"column":5}},"type":"if","locations":[{"start":{"line":290,"column":4},"end":{"line":292,"column":5}},{"start":{},"end":{}}],"line":290},"10":{"loc":{"start":{"line":294,"column":4},"end":{"line":294,"column":67}},"type":"if","locations":[{"start":{"line":294,"column":4},"end":{"line":294,"column":67}},{"start":{},"end":{}}],"line":294},"11":{"loc":{"start":{"line":295,"column":4},"end":{"line":295,"column":61}},"type":"if","locations":[{"start":{"line":295,"column":4},"end":{"line":295,"column":61}},{"start":{},"end":{}}],"line":295},"12":{"loc":{"start":{"line":306,"column":19},"end":{"line":306,"column":86}},"type":"cond-expr","locations":[{"start":{"line":306,"column":34},"end":{"line":306,"column":79}},{"start":{"line":306,"column":82},"end":{"line":306,"column":86}}],"line":306},"13":{"loc":{"start":{"line":363,"column":4},"end":{"line":365,"column":5}},"type":"if","locations":[{"start":{"line":363,"column":4},"end":{"line":365,"column":5}},{"start":{},"end":{}}],"line":363},"14":{"loc":{"start":{"line":369,"column":4},"end":{"line":371,"column":5}},"type":"if","locations":[{"start":{"line":369,"column":4},"end":{"line":371,"column":5}},{"start":{},"end":{}}],"line":369},"15":{"loc":{"start":{"line":375,"column":4},"end":{"line":377,"column":5}},"type":"if","locations":[{"start":{"line":375,"column":4},"end":{"line":377,"column":5}},{"start":{},"end":{}}],"line":375},"16":{"loc":{"start":{"line":383,"column":17},"end":{"line":383,"column":44}},"type":"binary-expr","locations":[{"start":{"line":383,"column":17},"end":{"line":383,"column":29}},{"start":{"line":383,"column":33},"end":{"line":383,"column":44}}],"line":383},"17":{"loc":{"start":{"line":386,"column":2},"end":{"line":388,"column":3}},"type":"if","locations":[{"start":{"line":386,"column":2},"end":{"line":388,"column":3}},{"start":{},"end":{}}],"line":386}},"s":{"0":0,"1":0,"2":0,"3":0,"4":0,"5":0,"6":0,"7":0,"8":0,"9":0,"10":0,"11":0,"12":0,"13":0,"14":0,"15":0,"16":0,"17":0,"18":0,"19":0,"20":0,"21":0,"22":0,"23":0,"24":0,"25":0,"26":0,"27":0,"28":0,"29":0,"30":0,"31":0,"32":0,"33":0,"34":0,"35":0,"36":0,"37":0,"38":0,"39":0,"40":0,"41":0,"42":0,"43":0,"44":0,"45":0,"46":0,"47":0,"48":0,"49":0,"50":0,"51":0,"52":0,"53":0,"54":0,"55":0,"56":0,"57":0,"58":0,"59":0,"60":0,"61":0,"62":0,"63":0,"64":0,"65":0,"66":0,"67":0,"68":0,"69":0,"70":0,"71":0,"72":0,"73":0,"74":0,"75":0,"76":0,"77":0,"78":0,"79":0,"80":0,"81":0,"82":0,"83":0,"84":0,"85":0,"86":0,"87":0,"88":0,"89":0,"90":0,"91":0,"92":0,"93":0,"94":0,"95":0,"96":0,"97":0,"98":0,"99":0,"100":0,"101":0,"102":0,"103":0,"104":0,"105":0,"106":0,"107":0,"108":0,"109":0,"110":0,"111":0,"112":0,"113":0,"114":0,"115":0,"116":0,"117":0,"118":0,"119":0,"120":0,"121":0,"122":0,"123":0,"124":0,"125":0},"f":{"0":0,"1":0,"2":0,"3":0,"4":0,"5":0,"6":0,"7":0,"8":0,"9":0,"10":0,"11":0,"12":0,"13":0,"14":0,"15":0,"16":0,"17":0},"b":{"0":[0,0],"1":[0,0],"2":[0,0,0,0],"3":[0,0],"4":[0,0],"5":[0,0],"6":[0,0,0,0],"7":[0,0],"8":[0,0],"9":[0,0],"10":[0,0],"11":[0,0],"12":[0,0],"13":[0,0],"14":[0,0],"15":[0,0],"16":[0,0],"17":[0,0]}}
,"/Users/renkangguo/迪奇孚瑞/食品安全系统开发/Tianjiabing_foodtestlab/backend/routes/userRoutes.js": {"path":"/Users/renkangguo/迪奇孚瑞/食品安全系统开发/Tianjiabing_foodtestlab/backend/routes/userRoutes.js","statementMap":{"0":{"start":{"line":11,"column":19},"end":{"line":11,"column":35}},"1":{"start":{"line":12,"column":24},"end":{"line":12,"column":60}},"2":{"start":{"line":17,"column":27},"end":{"line":17,"column":52}},"3":{"start":{"line":18,"column":8},"end":{"line":20,"column":9}},"4":{"start":{"line":19,"column":12},"end":{"line":19,"column":62}},"5":{"start":{"line":22,"column":22},"end":{"line":22,"column":45}},"6":{"start":{"line":23,"column":8},"end":{"line":29,"column":9}},"7":{"start":{"line":24,"column":28},"end":{"line":24,"column":56}},"8":{"start":{"line":25,"column":12},"end":{"line":25,"column":30}},"9":{"start":{"line":26,"column":12},"end":{"line":26,"column":18}},"10":{"start":{"line":28,"column":12},"end":{"line":28,"column":64}},"11":{"start":{"line":33,"column":8},"end":{"line":35,"column":9}},"12":{"start":{"line":34,"column":12},"end":{"line":34,"column":60}},"13":{"start":{"line":36,"column":8},"end":{"line":36,"column":14}},"14":{"start":{"line":42,"column":4},"end":{"line":55,"column":6}},"15":{"start":{"line":43,"column":8},"end":{"line":54,"column":9}},"16":{"start":{"line":44,"column":60},"end":{"line":44,"column":68}},"17":{"start":{"line":46,"column":12},"end":{"line":48,"column":13}},"18":{"start":{"line":47,"column":16},"end":{"line":47,"column":66}},"19":{"start":{"line":50,"column":27},"end":{"line":50,"column":94}},"20":{"start":{"line":51,"column":12},"end":{"line":51,"column":40}},"21":{"start":{"line":53,"column":12},"end":{"line":53,"column":71}},"22":{"start":{"line":58,"column":4},"end":{"line":71,"column":6}},"23":{"start":{"line":59,"column":8},"end":{"line":70,"column":9}},"24":{"start":{"line":60,"column":43},"end":{"line":60,"column":51}},"25":{"start":{"line":62,"column":12},"end":{"line":64,"column":13}},"26":{"start":{"line":63,"column":16},"end":{"line":63,"column":68}},"27":{"start":{"line":66,"column":27},"end":{"line":66,"column":74}},"28":{"start":{"line":67,"column":12},"end":{"line":67,"column":28}},"29":{"start":{"line":69,"column":12},"end":{"line":69,"column":71}},"30":{"start":{"line":74,"column":4},"end":{"line":94,"column":6}},"31":{"start":{"line":75,"column":27},"end":{"line":75,"column":52}},"32":{"start":{"line":76,"column":8},"end":{"line":78,"column":9}},"33":{"start":{"line":77,"column":12},"end":{"line":77,"column":74}},"34":{"start":{"line":80,"column":22},"end":{"line":80,"column":45}},"35":{"start":{"line":81,"column":23},"end":{"line":81,"column":53}},"36":{"start":{"line":83,"column":8},"end":{"line":93,"column":9}},"37":{"start":{"line":84,"column":12},"end":{"line":87,"column":14}},"38":{"start":{"line":89,"column":12},"end":{"line":92,"column":14}},"39":{"start":{"line":99,"column":4},"end":{"line":106,"column":6}},"40":{"start":{"line":100,"column":8},"end":{"line":105,"column":9}},"41":{"start":{"line":101,"column":27},"end":{"line":101,"column":76}},"42":{"start":{"line":102,"column":12},"end":{"line":102,"column":28}},"43":{"start":{"line":104,"column":12},"end":{"line":104,"column":71}},"44":{"start":{"line":109,"column":4},"end":{"line":121,"column":6}},"45":{"start":{"line":110,"column":8},"end":{"line":120,"column":9}},"46":{"start":{"line":111,"column":40},"end":{"line":111,"column":48}},"47":{"start":{"line":113,"column":27},"end":{"line":116,"column":14}},"48":{"start":{"line":117,"column":12},"end":{"line":117,"column":28}},"49":{"start":{"line":119,"column":12},"end":{"line":119,"column":71}},"50":{"start":{"line":124,"column":4},"end":{"line":141,"column":6}},"51":{"start":{"line":125,"column":8},"end":{"line":140,"column":9}},"52":{"start":{"line":126,"column":49},"end":{"line":126,"column":57}},"53":{"start":{"line":128,"column":12},"end":{"line":130,"column":13}},"54":{"start":{"line":129,"column":16},"end":{"line":129,"column":66}},"55":{"start":{"line":132,"column":27},"end":{"line":136,"column":13}},"56":{"start":{"line":137,"column":12},"end":{"line":137,"column":28}},"57":{"start":{"line":139,"column":12},"end":{"line":139,"column":71}},"58":{"start":{"line":144,"column":4},"end":{"line":160,"column":6}},"59":{"start":{"line":145,"column":25},"end":{"line":154,"column":9}},"60":{"start":{"line":156,"column":8},"end":{"line":159,"column":10}},"61":{"start":{"line":165,"column":4},"end":{"line":175,"column":6}},"62":{"start":{"line":166,"column":8},"end":{"line":174,"column":9}},"63":{"start":{"line":167,"column":26},"end":{"line":167,"column":58}},"64":{"start":{"line":168,"column":27},"end":{"line":168,"column":58}},"65":{"start":{"line":170,"column":27},"end":{"line":170,"column":71}},"66":{"start":{"line":171,"column":12},"end":{"line":171,"column":28}},"67":{"start":{"line":173,"column":12},"end":{"line":173,"column":71}},"68":{"start":{"line":178,"column":4},"end":{"line":192,"column":6}},"69":{"start":{"line":179,"column":8},"end":{"line":191,"column":9}},"70":{"start":{"line":180,"column":31},"end":{"line":180,"column":41}},"71":{"start":{"line":183,"column":12},"end":{"line":185,"column":13}},"72":{"start":{"line":184,"column":16},"end":{"line":184,"column":66}},"73":{"start":{"line":187,"column":27},"end":{"line":187,"column":74}},"74":{"start":{"line":188,"column":12},"end":{"line":188,"column":28}},"75":{"start":{"line":190,"column":12},"end":{"line":190,"column":71}},"76":{"start":{"line":195,"column":4},"end":{"line":203,"column":6}},"77":{"start":{"line":196,"column":8},"end":{"line":202,"column":9}},"78":{"start":{"line":197,"column":31},"end":{"line":197,"column":41}},"79":{"start":{"line":198,"column":27},"end":{"line":198,"column":73}},"80":{"start":{"line":199,"column":12},"end":{"line":199,"column":28}},"81":{"start":{"line":201,"column":12},"end":{"line":201,"column":71}},"82":{"start":{"line":206,"column":4},"end":{"line":220,"column":6}},"83":{"start":{"line":207,"column":8},"end":{"line":219,"column":9}},"84":{"start":{"line":208,"column":31},"end":{"line":208,"column":41}},"85":{"start":{"line":209,"column":29},"end":{"line":209,"column":37}},"86":{"start":{"line":211,"column":12},"end":{"line":213,"column":13}},"87":{"start":{"line":212,"column":16},"end":{"line":212,"column":65}},"88":{"start":{"line":215,"column":27},"end":{"line":215,"column":83}},"89":{"start":{"line":216,"column":12},"end":{"line":216,"column":28}},"90":{"start":{"line":218,"column":12},"end":{"line":218,"column":71}},"91":{"start":{"line":223,"column":4},"end":{"line":237,"column":6}},"92":{"start":{"line":224,"column":8},"end":{"line":236,"column":9}},"93":{"start":{"line":225,"column":31},"end":{"line":225,"column":41}},"94":{"start":{"line":226,"column":36},"end":{"line":226,"column":44}},"95":{"start":{"line":228,"column":12},"end":{"line":230,"column":13}},"96":{"start":{"line":229,"column":16},"end":{"line":229,"column":66}},"97":{"start":{"line":232,"column":27},"end":{"line":232,"column":89}},"98":{"start":{"line":233,"column":12},"end":{"line":233,"column":28}},"99":{"start":{"line":235,"column":12},"end":{"line":235,"column":71}},"100":{"start":{"line":239,"column":4},"end":{"line":239,"column":17}}},"fnMap":{"0":{"name":"createUserRoutes","decl":{"start":{"line":10,"column":16},"end":{"line":10,"column":32}},"loc":{"start":{"line":10,"column":54},"end":{"line":240,"column":1}},"line":10},"1":{"name":"authenticateUser","decl":{"start":{"line":16,"column":13},"end":{"line":16,"column":29}},"loc":{"start":{"line":16,"column":46},"end":{"line":30,"column":5}},"line":16},"2":{"name":"authorizeAdmin","decl":{"start":{"line":32,"column":13},"end":{"line":32,"column":27}},"loc":{"start":{"line":32,"column":44},"end":{"line":37,"column":5}},"line":32},"3":{"name":"(anonymous_3)","decl":{"start":{"line":42,"column":29},"end":{"line":42,"column":30}},"loc":{"start":{"line":42,"column":49},"end":{"line":55,"column":5}},"line":42},"4":{"name":"(anonymous_4)","decl":{"start":{"line":58,"column":26},"end":{"line":58,"column":27}},"loc":{"start":{"line":58,"column":46},"end":{"line":71,"column":5}},"line":58},"5":{"name":"(anonymous_5)","decl":{"start":{"line":74,"column":33},"end":{"line":74,"column":34}},"loc":{"start":{"line":74,"column":47},"end":{"line":94,"column":5}},"line":74},"6":{"name":"(anonymous_6)","decl":{"start":{"line":99,"column":45},"end":{"line":99,"column":46}},"loc":{"start":{"line":99,"column":65},"end":{"line":106,"column":5}},"line":99},"7":{"name":"(anonymous_7)","decl":{"start":{"line":109,"column":45},"end":{"line":109,"column":46}},"loc":{"start":{"line":109,"column":65},"end":{"line":121,"column":5}},"line":109},"8":{"name":"(anonymous_8)","decl":{"start":{"line":124,"column":54},"end":{"line":124,"column":55}},"loc":{"start":{"line":124,"column":74},"end":{"line":141,"column":5}},"line":124},"9":{"name":"(anonymous_9)","decl":{"start":{"line":144,"column":52},"end":{"line":144,"column":53}},"loc":{"start":{"line":144,"column":66},"end":{"line":160,"column":5}},"line":144},"10":{"name":"(anonymous_10)","decl":{"start":{"line":165,"column":58},"end":{"line":165,"column":59}},"loc":{"start":{"line":165,"column":78},"end":{"line":175,"column":5}},"line":165},"11":{"name":"(anonymous_11)","decl":{"start":{"line":178,"column":70},"end":{"line":178,"column":71}},"loc":{"start":{"line":178,"column":90},"end":{"line":192,"column":5}},"line":178},"12":{"name":"(anonymous_12)","decl":{"start":{"line":195,"column":69},"end":{"line":195,"column":70}},"loc":{"start":{"line":195,"column":89},"end":{"line":203,"column":5}},"line":195},"13":{"name":"(anonymous_13)","decl":{"start":{"line":206,"column":74},"end":{"line":206,"column":75}},"loc":{"start":{"line":206,"column":94},"end":{"line":220,"column":5}},"line":206},"14":{"name":"(anonymous_14)","decl":{"start":{"line":223,"column":77},"end":{"line":223,"column":78}},"loc":{"start":{"line":223,"column":97},"end":{"line":237,"column":5}},"line":223}},"branchMap":{"0":{"loc":{"start":{"line":18,"column":8},"end":{"line":20,"column":9}},"type":"if","locations":[{"start":{"line":18,"column":8},"end":{"line":20,"column":9}},{"start":{},"end":{}}],"line":18},"1":{"loc":{"start":{"line":18,"column":12},"end":{"line":18,"column":60}},"type":"binary-expr","locations":[{"start":{"line":18,"column":12},"end":{"line":18,"column":23}},{"start":{"line":18,"column":27},"end":{"line":18,"column":60}}],"line":18},"2":{"loc":{"start":{"line":33,"column":8},"end":{"line":35,"column":9}},"type":"if","locations":[{"start":{"line":33,"column":8},"end":{"line":35,"column":9}},{"start":{},"end":{}}],"line":33},"3":{"loc":{"start":{"line":33,"column":12},"end":{"line":33,"column":68}},"type":"binary-expr","locations":[{"start":{"line":33,"column":12},"end":{"line":33,"column":37}},{"start":{"line":33,"column":41},"end":{"line":33,"column":68}}],"line":33},"4":{"loc":{"start":{"line":46,"column":12},"end":{"line":48,"column":13}},"type":"if","locations":[{"start":{"line":46,"column":12},"end":{"line":48,"column":13}},{"start":{},"end":{}}],"line":46},"5":{"loc":{"start":{"line":46,"column":16},"end":{"line":46,"column":61}},"type":"binary-expr","locations":[{"start":{"line":46,"column":16},"end":{"line":46,"column":25}},{"start":{"line":46,"column":29},"end":{"line":46,"column":35}},{"start":{"line":46,"column":39},"end":{"line":46,"column":48}},{"start":{"line":46,"column":52},"end":{"line":46,"column":61}}],"line":46},"6":{"loc":{"start":{"line":62,"column":12},"end":{"line":64,"column":13}},"type":"if","locations":[{"start":{"line":62,"column":12},"end":{"line":64,"column":13}},{"start":{},"end":{}}],"line":62},"7":{"loc":{"start":{"line":62,"column":16},"end":{"line":62,"column":38}},"type":"binary-expr","locations":[{"start":{"line":62,"column":16},"end":{"line":62,"column":25}},{"start":{"line":62,"column":29},"end":{"line":62,"column":38}}],"line":62},"8":{"loc":{"start":{"line":76,"column":8},"end":{"line":78,"column":9}},"type":"if","locations":[{"start":{"line":76,"column":8},"end":{"line":78,"column":9}},{"start":{},"end":{}}],"line":76},"9":{"loc":{"start":{"line":76,"column":12},"end":{"line":76,"column":60}},"type":"binary-expr","locations":[{"start":{"line":76,"column":12},"end":{"line":76,"column":23}},{"start":{"line":76,"column":27},"end":{"line":76,"column":60}}],"line":76},"10":{"loc":{"start":{"line":83,"column":8},"end":{"line":93,"column":9}},"type":"if","locations":[{"start":{"line":83,"column":8},"end":{"line":93,"column":9}},{"start":{"line":88,"column":15},"end":{"line":93,"column":9}}],"line":83},"11":{"loc":{"start":{"line":128,"column":12},"end":{"line":130,"column":13}},"type":"if","locations":[{"start":{"line":128,"column":12},"end":{"line":130,"column":13}},{"start":{},"end":{}}],"line":128},"12":{"loc":{"start":{"line":128,"column":16},"end":{"line":128,"column":44}},"type":"binary-expr","locations":[{"start":{"line":128,"column":16},"end":{"line":128,"column":28}},{"start":{"line":128,"column":32},"end":{"line":128,"column":44}}],"line":128},"13":{"loc":{"start":{"line":167,"column":26},"end":{"line":167,"column":58}},"type":"binary-expr","locations":[{"start":{"line":167,"column":26},"end":{"line":167,"column":51}},{"start":{"line":167,"column":55},"end":{"line":167,"column":58}}],"line":167},"14":{"loc":{"start":{"line":168,"column":27},"end":{"line":168,"column":58}},"type":"binary-expr","locations":[{"start":{"line":168,"column":27},"end":{"line":168,"column":53}},{"start":{"line":168,"column":57},"end":{"line":168,"column":58}}],"line":168},"15":{"loc":{"start":{"line":183,"column":12},"end":{"line":185,"column":13}},"type":"if","locations":[{"start":{"line":183,"column":12},"end":{"line":185,"column":13}},{"start":{},"end":{}}],"line":183},"16":{"loc":{"start":{"line":211,"column":12},"end":{"line":213,"column":13}},"type":"if","locations":[{"start":{"line":211,"column":12},"end":{"line":213,"column":13}},{"start":{},"end":{}}],"line":211},"17":{"loc":{"start":{"line":228,"column":12},"end":{"line":230,"column":13}},"type":"if","locations":[{"start":{"line":228,"column":12},"end":{"line":230,"column":13}},{"start":{},"end":{}}],"line":228}},"s":{"0":0,"1":0,"2":0,"3":0,"4":0,"5":0,"6":0,"7":0,"8":0,"9":0,"10":0,"11":0,"12":0,"13":0,"14":0,"15":0,"16":0,"17":0,"18":0,"19":0,"20":0,"21":0,"22":0,"23":0,"24":0,"25":0,"26":0,"27":0,"28":0,"29":0,"30":0,"31":0,"32":0,"33":0,"34":0,"35":0,"36":0,"37":0,"38":0,"39":0,"40":0,"41":0,"42":0,"43":0,"44":0,"45":0,"46":0,"47":0,"48":0,"49":0,"50":0,"51":0,"52":0,"53":0,"54":0,"55":0,"56":0,"57":0,"58":0,"59":0,"60":0,"61":0,"62":0,"63":0,"64":0,"65":0,"66":0,"67":0,"68":0,"69":0,"70":0,"71":0,"72":0,"73":0,"74":0,"75":0,"76":0,"77":0,"78":0,"79":0,"80":0,"81":0,"82":0,"83":0,"84":0,"85":0,"86":0,"87":0,"88":0,"89":0,"90":0,"91":0,"92":0,"93":0,"94":0,"95":0,"96":0,"97":0,"98":0,"99":0,"100":0},"f":{"0":0,"1":0,"2":0,"3":0,"4":0,"5":0,"6":0,"7":0,"8":0,"9":0,"10":0,"11":0,"12":0,"13":0,"14":0},"b":{"0":[0,0],"1":[0,0],"2":[0,0],"3":[0,0],"4":[0,0],"5":[0,0,0,0],"6":[0,0],"7":[0,0],"8":[0,0],"9":[0,0],"10":[0,0],"11":[0,0],"12":[0,0],"13":[0,0],"14":[0,0],"15":[0,0],"16":[0,0],"17":[0,0]}}
}
