TN:
SF:backend/server.js
FN:32,(anonymous_0)
FN:47,(anonymous_1)
FN:77,(anonymous_2)
FN:98,(anonymous_3)
FN:138,(anonymous_4)
FN:181,(anonymous_5)
FN:217,(anonymous_6)
FN:231,(anonymous_7)
FN:232,(anonymous_8)
FN:233,(anonymous_9)
FN:245,(anonymous_10)
FN:279,(anonymous_11)
FN:284,(anonymous_12)
FN:301,authenticateUser
FN:321,validateInput
FN:340,logOperation
FN:346,isToday
FN:352,isThisWeek
FN:359,isThisMonth
FN:367,(anonymous_19)
FN:371,(anonymous_20)
FN:378,(anonymous_21)
FNF:22
FNH:0
FNDA:0,(anonymous_0)
FNDA:0,(anonymous_1)
FNDA:0,(anonymous_2)
FNDA:0,(anonymous_3)
FNDA:0,(anonymous_4)
FNDA:0,(anonymous_5)
FNDA:0,(anonymous_6)
FNDA:0,(anonymous_7)
FNDA:0,(anonymous_8)
FNDA:0,(anonymous_9)
FNDA:0,(anonymous_10)
FNDA:0,(anonymous_11)
FNDA:0,(anonymous_12)
FNDA:0,authenticateUser
FNDA:0,validateInput
FNDA:0,logOperation
FNDA:0,isToday
FNDA:0,isThisWeek
FNDA:0,isThisMonth
FNDA:0,(anonymous_19)
FNDA:0,(anonymous_20)
FNDA:0,(anonymous_21)
DA:12,0
DA:14,0
DA:15,0
DA:18,0
DA:24,0
DA:25,0
DA:29,0
DA:32,0
DA:33,0
DA:37,0
DA:38,0
DA:41,0
DA:42,0
DA:47,0
DA:48,0
DA:49,0
DA:50,0
DA:52,0
DA:58,0
DA:59,0
DA:60,0
DA:63,0
DA:71,0
DA:72,0
DA:77,0
DA:78,0
DA:79,0
DA:81,0
DA:87,0
DA:88,0
DA:91,0
DA:93,0
DA:98,0
DA:99,0
DA:100,0
DA:101,0
DA:108,0
DA:109,0
DA:110,0
DA:113,0
DA:118,0
DA:119,0
DA:120,0
DA:124,0
DA:126,0
DA:132,0
DA:133,0
DA:138,0
DA:139,0
DA:140,0
DA:141,0
DA:148,0
DA:154,0
DA:155,0
DA:158,0
DA:164,0
DA:165,0
DA:168,0
DA:170,0
DA:176,0
DA:181,0
DA:182,0
DA:183,0
DA:186,0
DA:192,0
DA:193,0
DA:196,0
DA:201,0
DA:202,0
DA:205,0
DA:207,0
DA:212,0
DA:217,0
DA:218,0
DA:219,0
DA:221,0
DA:225,0
DA:226,0
DA:229,0
DA:231,0
DA:232,0
DA:233,0
DA:236,0
DA:238,0
DA:245,0
DA:246,0
DA:247,0
DA:250,0
DA:251,0
DA:261,0
DA:271,0
DA:274,0
DA:279,0
DA:280,0
DA:284,0
DA:285,0
DA:295,0
DA:302,0
DA:304,0
DA:305,0
DA:308,0
DA:310,0
DA:311,0
DA:312,0
DA:313,0
DA:315,0
DA:322,0
DA:325,0
DA:326,0
DA:330,0
DA:331,0
DA:334,0
DA:341,0
DA:342,0
DA:347,0
DA:348,0
DA:349,0
DA:353,0
DA:354,0
DA:355,0
DA:356,0
DA:360,0
DA:361,0
DA:362,0
DA:367,0
DA:368,0
DA:371,0
DA:372,0
DA:373,0
DA:378,0
DA:379,0
DA:389,0
DA:390,0
DA:391,0
DA:393,0
LF:135
LH:0
BRDA:15,0,0,0
BRDA:15,0,1,0
BRDA:26,1,0,0
BRDA:26,1,1,0
BRDA:50,2,0,0
BRDA:50,3,0,0
BRDA:58,4,0,0
BRDA:58,4,1,0
BRDA:87,5,0,0
BRDA:87,5,1,0
BRDA:109,6,0,0
BRDA:109,6,1,0
BRDA:118,7,0,0
BRDA:118,7,1,0
BRDA:154,8,0,0
BRDA:154,8,1,0
BRDA:154,9,0,0
BRDA:154,9,1,0
BRDA:164,10,0,0
BRDA:164,10,1,0
BRDA:192,11,0,0
BRDA:192,11,1,0
BRDA:192,12,0,0
BRDA:192,12,1,0
BRDA:201,13,0,0
BRDA:201,13,1,0
BRDA:225,14,0,0
BRDA:225,14,1,0
BRDA:250,15,0,0
BRDA:250,15,1,0
BRDA:250,16,0,0
BRDA:250,16,1,0
BRDA:304,17,0,0
BRDA:304,17,1,0
BRDA:304,18,0,0
BRDA:304,18,1,0
BRDA:325,19,0,0
BRDA:325,19,1,0
BRDA:325,20,0,0
BRDA:325,20,1,0
BRDA:330,21,0,0
BRDA:330,21,1,0
BRDA:336,22,0,0
BRDA:336,22,1,0
BRDA:362,23,0,0
BRDA:362,23,1,0
BRDA:389,24,0,0
BRDA:389,24,1,0
BRF:48
BRH:0
end_of_record
TN:
SF:backend/config/supabaseClient.js
FNF:0
FNH:0
DA:10,0
DA:12,0
DA:13,0
DA:15,0
DA:16,0
DA:19,0
LF:6
LH:0
BRDA:15,0,0,0
BRDA:15,0,1,0
BRDA:15,1,0,0
BRDA:15,1,1,0
BRF:4
BRH:0
end_of_record
TN:
SF:backend/config/telemetry.js
FN:36,(anonymous_0)
FN:72,(anonymous_1)
FN:75,(anonymous_2)
FN:79,(anonymous_3)
FNF:4
FNH:0
FNDA:0,(anonymous_0)
FNDA:0,(anonymous_1)
FNDA:0,(anonymous_2)
FNDA:0,(anonymous_3)
DA:6,0
DA:7,0
DA:8,0
DA:9,0
DA:10,0
DA:11,0
DA:12,0
DA:13,0
DA:16,0
DA:25,0
DA:31,0
DA:37,0
DA:42,0
DA:65,0
DA:67,0
DA:68,0
DA:69,0
DA:72,0
DA:73,0
DA:76,0
DA:77,0
DA:80,0
DA:81,0
DA:85,0
LF:24
LH:0
BRDA:20,0,0,0
BRDA:20,0,1,0
BRDA:26,1,0,0
BRDA:26,1,1,0
BRDA:33,2,0,0
BRDA:33,2,1,0
BRDA:68,3,0,0
BRDA:68,3,1,0
BRF:8
BRH:0
end_of_record
TN:
SF:backend/config/testDataInitializer.js
FN:13,initializeTestUsers
FN:128,getTestCredentials
FN:146,cleanupTestUsers
FNF:3
FNH:0
FNDA:0,initializeTestUsers
FNDA:0,getTestCredentials
FNDA:0,cleanupTestUsers
DA:14,0
DA:15,0
DA:19,0
DA:23,0
DA:25,0
DA:62,0
DA:63,0
DA:65,0
DA:67,0
DA:73,0
DA:75,0
DA:81,0
DA:83,0
DA:88,0
DA:89,0
DA:90,0
DA:93,0
DA:95,0
DA:99,0
DA:104,0
DA:105,0
DA:106,0
DA:109,0
DA:110,0
DA:111,0
DA:115,0
DA:116,0
DA:118,0
DA:119,0
DA:129,0
DA:130,0
DA:135,0
DA:137,0
DA:138,0
DA:147,0
DA:148,0
DA:150,0
DA:155,0
DA:156,0
DA:157,0
DA:160,0
DA:161,0
DA:163,0
DA:164,0
LF:44
LH:0
BRDA:73,0,0,0
BRDA:73,0,1,0
BRDA:73,1,0,0
BRDA:73,1,1,0
BRDA:81,2,0,0
BRDA:81,2,1,0
BRDA:81,3,0,0
BRDA:81,3,1,0
BRDA:88,4,0,0
BRDA:88,4,1,0
BRDA:104,5,0,0
BRDA:104,5,1,0
BRDA:109,6,0,0
BRDA:109,6,1,0
BRDA:109,7,0,0
BRDA:109,7,1,0
BRDA:135,8,0,0
BRDA:135,8,1,0
BRDA:155,9,0,0
BRDA:155,9,1,0
BRF:20
BRH:0
end_of_record
TN:
SF:backend/middleware/validationMiddleware.js
FN:8,escapeHtml
FN:22,(anonymous_1)
FN:25,sanitizeHtml
FN:39,sanitizeText
FN:49,detectSqlInjection
FN:76,sanitizeData
FN:83,(anonymous_6)
FN:102,validateRequestBody
FN:103,(anonymous_8)
FN:154,validateData
FN:198,detectXss
FN:226,(anonymous_11)
FN:231,(anonymous_12)
FN:236,(anonymous_13)
FN:240,(anonymous_14)
FN:245,(anonymous_15)
FN:254,(anonymous_16)
FN:258,(anonymous_17)
FN:262,(anonymous_18)
FN:271,validateField
FN:272,(anonymous_20)
FN:299,limitRequestSize
FN:300,(anonymous_22)
FN:304,(anonymous_23)
FN:321,validateQueryParams
FN:322,(anonymous_25)
FN:349,rateLimit
FN:352,(anonymous_27)
FN:363,(anonymous_28)
FN:382,createValidationMiddleware
FN:403,validateToken
FNF:31
FNH:0
FNDA:0,escapeHtml
FNDA:0,(anonymous_1)
FNDA:0,sanitizeHtml
FNDA:0,sanitizeText
FNDA:0,detectSqlInjection
FNDA:0,sanitizeData
FNDA:0,(anonymous_6)
FNDA:0,validateRequestBody
FNDA:0,(anonymous_8)
FNDA:0,validateData
FNDA:0,detectXss
FNDA:0,(anonymous_11)
FNDA:0,(anonymous_12)
FNDA:0,(anonymous_13)
FNDA:0,(anonymous_14)
FNDA:0,(anonymous_15)
FNDA:0,(anonymous_16)
FNDA:0,(anonymous_17)
FNDA:0,(anonymous_18)
FNDA:0,validateField
FNDA:0,(anonymous_20)
FNDA:0,limitRequestSize
FNDA:0,(anonymous_22)
FNDA:0,(anonymous_23)
FNDA:0,validateQueryParams
FNDA:0,(anonymous_25)
FNDA:0,rateLimit
FNDA:0,(anonymous_27)
FNDA:0,(anonymous_28)
FNDA:0,createValidationMiddleware
FNDA:0,validateToken
DA:9,0
DA:10,0
DA:13,0
DA:22,0
DA:26,0
DA:27,0
DA:30,0
DA:36,0
DA:40,0
DA:41,0
DA:44,0
DA:50,0
DA:51,0
DA:54,0
DA:65,0
DA:66,0
DA:67,0
DA:71,0
DA:77,0
DA:78,0
DA:81,0
DA:82,0
DA:83,0
DA:86,0
DA:87,0
DA:88,0
DA:90,0
DA:93,0
DA:103,0
DA:104,0
DA:106,0
DA:107,0
DA:108,0
DA:113,0
DA:117,0
DA:118,0
DA:119,0
DA:120,0
DA:124,0
DA:125,0
DA:132,0
DA:133,0
DA:134,0
DA:141,0
DA:143,0
DA:145,0
DA:146,0
DA:155,0
DA:156,0
DA:158,0
DA:159,0
DA:162,0
DA:163,0
DA:167,0
DA:168,0
DA:169,0
DA:178,0
DA:179,0
DA:180,0
DA:189,0
DA:199,0
DA:200,0
DA:203,0
DA:214,0
DA:215,0
DA:216,0
DA:220,0
DA:225,0
DA:227,0
DA:228,0
DA:232,0
DA:233,0
DA:237,0
DA:241,0
DA:242,0
DA:246,0
DA:247,0
DA:248,0
DA:250,0
DA:255,0
DA:259,0
DA:263,0
DA:264,0
DA:272,0
DA:273,0
DA:275,0
DA:276,0
DA:279,0
DA:280,0
DA:281,0
DA:286,0
DA:287,0
DA:292,0
DA:300,0
DA:301,0
DA:303,0
DA:304,0
DA:305,0
DA:306,0
DA:307,0
DA:308,0
DA:314,0
DA:322,0
DA:323,0
DA:326,0
DA:327,0
DA:328,0
DA:335,0
DA:336,0
DA:337,0
DA:338,0
DA:342,0
DA:350,0
DA:352,0
DA:353,0
DA:354,0
DA:356,0
DA:357,0
DA:360,0
DA:363,0
DA:364,0
DA:366,0
DA:367,0
DA:372,0
DA:373,0
DA:389,0
DA:391,0
DA:404,0
DA:405,0
DA:407,0
DA:408,0
DA:411,0
DA:412,0
DA:414,0
DA:415,0
DA:418,0
DA:419,0
DA:429,0
DA:438,0
DA:440,0
DA:443,0
DA:444,0
LF:142
LH:0
BRDA:9,0,0,0
BRDA:9,0,1,0
BRDA:26,1,0,0
BRDA:26,1,1,0
BRDA:40,2,0,0
BRDA:40,2,1,0
BRDA:50,3,0,0
BRDA:50,3,1,0
BRDA:66,4,0,0
BRDA:66,4,1,0
BRDA:77,5,0,0
BRDA:77,5,1,0
BRDA:81,6,0,0
BRDA:81,6,1,0
BRDA:81,7,0,0
BRDA:81,7,1,0
BRDA:82,8,0,0
BRDA:82,8,1,0
BRDA:102,9,0,0
BRDA:106,10,0,0
BRDA:106,10,1,0
BRDA:106,11,0,0
BRDA:106,11,1,0
BRDA:107,12,0,0
BRDA:107,12,1,0
BRDA:119,13,0,0
BRDA:119,13,1,0
BRDA:124,14,0,0
BRDA:124,14,1,0
BRDA:133,15,0,0
BRDA:133,15,1,0
BRDA:154,16,0,0
BRDA:156,17,0,0
BRDA:156,17,1,0
BRDA:162,18,0,0
BRDA:162,18,1,0
BRDA:162,19,0,0
BRDA:162,19,1,0
BRDA:162,19,2,0
BRDA:167,20,0,0
BRDA:167,20,1,0
BRDA:168,21,0,0
BRDA:168,21,1,0
BRDA:178,22,0,0
BRDA:178,22,1,0
BRDA:179,23,0,0
BRDA:179,23,1,0
BRDA:199,24,0,0
BRDA:199,24,1,0
BRDA:215,25,0,0
BRDA:215,25,1,0
BRDA:237,26,0,0
BRDA:237,26,1,0
BRDA:259,27,0,0
BRDA:259,27,1,0
BRDA:259,27,2,0
BRDA:275,28,0,0
BRDA:275,28,1,0
BRDA:280,29,0,0
BRDA:280,29,1,0
BRDA:286,30,0,0
BRDA:286,30,1,0
BRDA:299,31,0,0
BRDA:306,32,0,0
BRDA:306,32,1,0
BRDA:321,33,0,0
BRDA:327,34,0,0
BRDA:327,34,1,0
BRDA:337,35,0,0
BRDA:337,35,1,0
BRDA:349,36,0,0
BRDA:349,37,0,0
BRDA:353,38,0,0
BRDA:353,38,1,0
BRDA:356,39,0,0
BRDA:356,39,1,0
BRDA:366,40,0,0
BRDA:366,40,1,0
BRDA:382,41,0,0
BRDA:384,42,0,0
BRDA:385,43,0,0
BRDA:386,44,0,0
BRDA:387,45,0,0
BRDA:388,46,0,0
BRDA:407,47,0,0
BRDA:407,47,1,0
BRDA:407,48,0,0
BRDA:407,48,1,0
BRDA:412,49,0,0
BRDA:412,49,1,0
BRDA:418,50,0,0
BRDA:418,50,1,0
BRF:92
BRH:0
end_of_record
TN:
SF:backend/modules/UserManager.js
FN:10,(anonymous_0)
FN:17,(anonymous_1)
FN:80,(anonymous_2)
FN:143,(anonymous_3)
FN:196,(anonymous_4)
FN:233,(anonymous_5)
FN:255,(anonymous_6)
FN:293,(anonymous_7)
FN:320,(anonymous_8)
FN:343,(anonymous_9)
FN:366,(anonymous_10)
FN:396,(anonymous_11)
FN:420,(anonymous_12)
FN:425,(anonymous_13)
FN:436,(anonymous_14)
FN:450,(anonymous_15)
FNF:16
FNH:0
FNDA:0,(anonymous_0)
FNDA:0,(anonymous_1)
FNDA:0,(anonymous_2)
FNDA:0,(anonymous_3)
FNDA:0,(anonymous_4)
FNDA:0,(anonymous_5)
FNDA:0,(anonymous_6)
FNDA:0,(anonymous_7)
FNDA:0,(anonymous_8)
FNDA:0,(anonymous_9)
FNDA:0,(anonymous_10)
FNDA:0,(anonymous_11)
FNDA:0,(anonymous_12)
FNDA:0,(anonymous_13)
FNDA:0,(anonymous_14)
FNDA:0,(anonymous_15)
DA:11,0
DA:12,0
DA:18,0
DA:20,0
DA:23,0
DA:29,0
DA:30,0
DA:34,0
DA:40,0
DA:41,0
DA:45,0
DA:48,0
DA:61,0
DA:62,0
DA:65,0
DA:67,0
DA:73,0
DA:74,0
DA:81,0
DA:83,0
DA:89,0
DA:90,0
DA:94,0
DA:95,0
DA:99,0
DA:101,0
DA:103,0
DA:104,0
DA:108,0
DA:120,0
DA:122,0
DA:124,0
DA:136,0
DA:137,0
DA:144,0
DA:146,0
DA:152,0
DA:153,0
DA:157,0
DA:159,0
DA:160,0
DA:164,0
DA:165,0
DA:169,0
DA:172,0
DA:180,0
DA:181,0
DA:184,0
DA:186,0
DA:191,0
DA:192,0
DA:197,0
DA:199,0
DA:200,0
DA:204,0
DA:207,0
DA:215,0
DA:216,0
DA:219,0
DA:221,0
DA:226,0
DA:227,0
DA:234,0
DA:235,0
DA:241,0
DA:242,0
DA:245,0
DA:250,0
DA:251,0
DA:256,0
DA:258,0
DA:259,0
DA:261,0
DA:262,0
DA:263,0
DA:267,0
DA:269,0
DA:275,0
DA:276,0
DA:279,0
DA:281,0
DA:286,0
DA:287,0
DA:294,0
DA:295,0
DA:301,0
DA:302,0
DA:305,0
DA:313,0
DA:314,0
DA:321,0
DA:322,0
DA:327,0
DA:328,0
DA:331,0
DA:333,0
DA:338,0
DA:339,0
DA:344,0
DA:345,0
DA:350,0
DA:351,0
DA:354,0
DA:356,0
DA:361,0
DA:362,0
DA:367,0
DA:368,0
DA:369,0
DA:370,0
DA:373,0
DA:378,0
DA:379,0
DA:382,0
DA:384,0
DA:389,0
DA:390,0
DA:397,0
DA:399,0
DA:400,0
DA:403,0
DA:404,0
DA:407,0
DA:408,0
DA:411,0
DA:412,0
DA:415,0
DA:416,0
DA:421,0
DA:422,0
DA:426,0
DA:427,0
DA:432,0
DA:437,0
DA:438,0
DA:446,0
DA:451,0
DA:452,0
DA:453,0
DA:458,0
LF:140
LH:0
BRDA:29,0,0,0
BRDA:29,0,1,0
BRDA:40,1,0,0
BRDA:40,1,1,0
BRDA:61,2,0,0
BRDA:61,2,1,0
BRDA:89,3,0,0
BRDA:89,3,1,0
BRDA:89,4,0,0
BRDA:89,4,1,0
BRDA:94,5,0,0
BRDA:94,5,1,0
BRDA:101,6,0,0
BRDA:101,6,1,0
BRDA:152,7,0,0
BRDA:152,7,1,0
BRDA:152,8,0,0
BRDA:152,8,1,0
BRDA:159,9,0,0
BRDA:159,9,1,0
BRDA:164,10,0,0
BRDA:164,10,1,0
BRDA:180,11,0,0
BRDA:180,11,1,0
BRDA:199,12,0,0
BRDA:199,12,1,0
BRDA:215,13,0,0
BRDA:215,13,1,0
BRDA:241,14,0,0
BRDA:241,14,1,0
BRDA:241,15,0,0
BRDA:241,15,1,0
BRDA:262,16,0,0
BRDA:262,16,1,0
BRDA:275,17,0,0
BRDA:275,17,1,0
BRDA:293,18,0,0
BRDA:293,19,0,0
BRDA:301,20,0,0
BRDA:301,20,1,0
BRDA:327,21,0,0
BRDA:327,21,1,0
BRDA:350,22,0,0
BRDA:350,22,1,0
BRDA:369,23,0,0
BRDA:369,23,1,0
BRDA:378,24,0,0
BRDA:378,24,1,0
BRDA:399,25,0,0
BRDA:399,25,1,0
BRDA:399,26,0,0
BRDA:399,26,1,0
BRDA:403,27,0,0
BRDA:403,27,1,0
BRDA:403,28,0,0
BRDA:403,28,1,0
BRDA:407,29,0,0
BRDA:407,29,1,0
BRDA:407,30,0,0
BRDA:407,30,1,0
BRDA:411,31,0,0
BRDA:411,31,1,0
BRDA:411,32,0,0
BRDA:411,32,1,0
BRDA:415,33,0,0
BRDA:415,33,1,0
BRF:66
BRH:0
end_of_record
TN:
SF:backend/routes/guestExportRoutes.js
FN:16,(anonymous_0)
FN:84,(anonymous_1)
FN:126,(anonymous_2)
FN:190,(anonymous_3)
FN:263,(anonymous_4)
FN:317,(anonymous_5)
FNF:6
FNH:0
FNDA:0,(anonymous_0)
FNDA:0,(anonymous_1)
FNDA:0,(anonymous_2)
FNDA:0,(anonymous_3)
FNDA:0,(anonymous_4)
FNDA:0,(anonymous_5)
DA:10,0
DA:16,0
DA:17,0
DA:19,0
DA:20,0
DA:24,0
DA:25,0
DA:28,0
DA:30,0
DA:31,0
DA:35,0
DA:42,0
DA:43,0
DA:47,0
DA:60,0
DA:61,0
DA:62,0
DA:65,0
DA:75,0
DA:76,0
DA:84,0
DA:85,0
DA:87,0
DA:88,0
DA:91,0
DA:108,0
DA:109,0
DA:112,0
DA:117,0
DA:118,0
DA:126,0
DA:127,0
DA:129,0
DA:130,0
DA:133,0
DA:134,0
DA:135,0
DA:136,0
DA:138,0
DA:162,0
DA:163,0
DA:166,0
DA:169,0
DA:170,0
DA:173,0
DA:181,0
DA:182,0
DA:190,0
DA:191,0
DA:193,0
DA:194,0
DA:197,0
DA:198,0
DA:201,0
DA:207,0
DA:208,0
DA:212,0
DA:213,0
DA:216,0
DA:230,0
DA:231,0
DA:235,0
DA:243,0
DA:244,0
DA:248,0
DA:254,0
DA:255,0
DA:263,0
DA:264,0
DA:266,0
DA:267,0
DA:270,0
DA:271,0
DA:274,0
DA:280,0
DA:281,0
DA:285,0
DA:298,0
DA:299,0
DA:302,0
DA:308,0
DA:309,0
DA:317,0
DA:318,0
DA:320,0
DA:321,0
DA:325,0
DA:328,0
DA:329,0
DA:337,0
DA:338,0
DA:339,0
DA:341,0
DA:343,0
DA:348,0
DA:354,0
DA:361,0
DA:366,0
DA:367,0
LF:99
LH:0
BRDA:19,0,0,0
BRDA:19,0,1,0
BRDA:24,1,0,0
BRDA:24,1,1,0
BRDA:30,2,0,0
BRDA:30,2,1,0
BRDA:30,3,0,0
BRDA:30,3,1,0
BRDA:42,4,0,0
BRDA:42,4,1,0
BRDA:53,5,0,0
BRDA:53,5,1,0
BRDA:60,6,0,0
BRDA:60,6,1,0
BRDA:87,7,0,0
BRDA:87,7,1,0
BRDA:108,8,0,0
BRDA:108,8,1,0
BRDA:129,9,0,0
BRDA:129,9,1,0
BRDA:133,10,0,0
BRDA:133,10,1,0
BRDA:134,11,0,0
BRDA:134,11,1,0
BRDA:135,12,0,0
BRDA:135,12,1,0
BRDA:162,13,0,0
BRDA:162,13,1,0
BRDA:169,14,0,0
BRDA:169,14,1,0
BRDA:193,15,0,0
BRDA:193,15,1,0
BRDA:198,16,0,0
BRDA:207,17,0,0
BRDA:207,17,1,0
BRDA:207,18,0,0
BRDA:207,18,1,0
BRDA:221,19,0,0
BRDA:221,19,1,0
BRDA:230,20,0,0
BRDA:230,20,1,0
BRDA:243,21,0,0
BRDA:243,21,1,0
BRDA:266,22,0,0
BRDA:266,22,1,0
BRDA:280,23,0,0
BRDA:280,23,1,0
BRDA:280,24,0,0
BRDA:280,24,1,0
BRDA:290,25,0,0
BRDA:290,25,1,0
BRDA:298,26,0,0
BRDA:298,26,1,0
BRDA:320,27,0,0
BRDA:320,27,1,0
BRDA:325,28,0,0
BRDA:325,28,1,0
BRDA:328,29,0,0
BRDA:328,29,1,0
BRDA:337,30,0,0
BRDA:337,30,1,0
BRDA:341,31,0,0
BRDA:341,31,1,0
BRF:63
BRH:0
end_of_record
TN:
SF:backend/routes/guestRoutes.js
FN:20,(anonymous_0)
FN:109,(anonymous_1)
FN:203,(anonymous_2)
FN:233,(anonymous_3)
FN:271,(anonymous_4)
FN:350,(anonymous_5)
FN:379,(anonymous_6)
FNF:7
FNH:0
FNDA:0,(anonymous_0)
FNDA:0,(anonymous_1)
FNDA:0,(anonymous_2)
FNDA:0,(anonymous_3)
FNDA:0,(anonymous_4)
FNDA:0,(anonymous_5)
FNDA:0,(anonymous_6)
DA:12,0
DA:13,0
DA:14,0
DA:20,0
DA:21,0
DA:22,0
DA:24,0
DA:25,0
DA:28,0
DA:29,0
DA:33,0
DA:39,0
DA:40,0
DA:44,0
DA:45,0
DA:46,0
DA:49,0
DA:66,0
DA:67,0
DA:68,0
DA:72,0
DA:85,0
DA:100,0
DA:101,0
DA:109,0
DA:110,0
DA:111,0
DA:113,0
DA:114,0
DA:118,0
DA:124,0
DA:125,0
DA:129,0
DA:130,0
DA:134,0
DA:135,0
DA:137,0
DA:141,0
DA:145,0
DA:146,0
DA:147,0
DA:151,0
DA:157,0
DA:167,0
DA:180,0
DA:194,0
DA:195,0
DA:203,0
DA:204,0
DA:205,0
DA:207,0
DA:208,0
DA:211,0
DA:213,0
DA:214,0
DA:217,0
DA:225,0
DA:233,0
DA:234,0
DA:236,0
DA:237,0
DA:240,0
DA:241,0
DA:242,0
DA:244,0
DA:250,0
DA:251,0
DA:254,0
DA:262,0
DA:263,0
DA:271,0
DA:272,0
DA:274,0
DA:275,0
DA:278,0
DA:280,0
DA:281,0
DA:284,0
DA:285,0
DA:289,0
DA:295,0
DA:296,0
DA:300,0
DA:301,0
DA:302,0
DA:305,0
DA:323,0
DA:324,0
DA:325,0
DA:328,0
DA:341,0
DA:342,0
DA:350,0
DA:351,0
DA:353,0
DA:354,0
DA:357,0
DA:359,0
DA:364,0
DA:365,0
DA:368,0
DA:370,0
DA:371,0
DA:379,0
DA:380,0
DA:382,0
DA:383,0
DA:386,0
DA:387,0
DA:389,0
DA:390,0
DA:393,0
DA:400,0
DA:401,0
DA:404,0
DA:410,0
DA:411,0
LF:117
LH:0
BRDA:13,0,0,0
BRDA:13,0,1,0
BRDA:22,1,0,0
BRDA:22,2,0,0
BRDA:24,3,0,0
BRDA:24,3,1,0
BRDA:24,4,0,0
BRDA:24,4,1,0
BRDA:24,4,2,0
BRDA:28,5,0,0
BRDA:28,5,1,0
BRDA:39,6,0,0
BRDA:39,6,1,0
BRDA:55,7,0,0
BRDA:55,7,1,0
BRDA:61,8,0,0
BRDA:61,8,1,0
BRDA:66,9,0,0
BRDA:66,9,1,0
BRDA:113,10,0,0
BRDA:113,10,1,0
BRDA:113,11,0,0
BRDA:113,11,1,0
BRDA:124,12,0,0
BRDA:124,12,1,0
BRDA:124,13,0,0
BRDA:124,13,1,0
BRDA:129,14,0,0
BRDA:129,14,1,0
BRDA:135,15,0,0
BRDA:135,15,1,0
BRDA:146,16,0,0
BRDA:146,16,1,0
BRDA:207,17,0,0
BRDA:207,17,1,0
BRDA:213,18,0,0
BRDA:213,18,1,0
BRDA:236,19,0,0
BRDA:236,19,1,0
BRDA:240,20,0,0
BRDA:240,20,1,0
BRDA:241,21,0,0
BRDA:241,21,1,0
BRDA:250,22,0,0
BRDA:250,22,1,0
BRDA:274,23,0,0
BRDA:274,23,1,0
BRDA:278,24,0,0
BRDA:278,25,0,0
BRDA:280,26,0,0
BRDA:280,26,1,0
BRDA:280,27,0,0
BRDA:280,27,1,0
BRDA:280,27,2,0
BRDA:284,28,0,0
BRDA:284,28,1,0
BRDA:295,29,0,0
BRDA:295,29,1,0
BRDA:311,30,0,0
BRDA:311,30,1,0
BRDA:318,31,0,0
BRDA:318,31,1,0
BRDA:323,32,0,0
BRDA:323,32,1,0
BRDA:353,33,0,0
BRDA:353,33,1,0
BRDA:364,34,0,0
BRDA:364,34,1,0
BRDA:382,35,0,0
BRDA:382,35,1,0
BRDA:389,36,0,0
BRDA:389,36,1,0
BRDA:400,37,0,0
BRDA:400,37,1,0
BRF:74
BRH:0
end_of_record
TN:
SF:backend/routes/syncRoutes.js
FN:21,(anonymous_0)
FN:119,(anonymous_1)
FN:212,(anonymous_2)
FN:261,processSyncOperation
FN:282,(anonymous_4)
FN:284,(anonymous_5)
FN:285,(anonymous_6)
FN:286,(anonymous_7)
FN:289,(anonymous_8)
FN:316,(anonymous_9)
FN:317,(anonymous_10)
FN:321,(anonymous_11)
FN:336,(anonymous_12)
FN:350,(anonymous_13)
FN:361,(anonymous_14)
FN:383,(anonymous_15)
FN:384,(anonymous_16)
FN:387,(anonymous_17)
FNF:18
FNH:0
FNDA:0,(anonymous_0)
FNDA:0,(anonymous_1)
FNDA:0,(anonymous_2)
FNDA:0,processSyncOperation
FNDA:0,(anonymous_4)
FNDA:0,(anonymous_5)
FNDA:0,(anonymous_6)
FNDA:0,(anonymous_7)
FNDA:0,(anonymous_8)
FNDA:0,(anonymous_9)
FNDA:0,(anonymous_10)
FNDA:0,(anonymous_11)
FNDA:0,(anonymous_12)
FNDA:0,(anonymous_13)
FNDA:0,(anonymous_14)
FNDA:0,(anonymous_15)
FNDA:0,(anonymous_16)
FNDA:0,(anonymous_17)
DA:11,0
DA:12,0
DA:15,0
DA:16,0
DA:21,0
DA:22,0
DA:23,0
DA:25,0
DA:27,0
DA:28,0
DA:35,0
DA:44,0
DA:46,0
DA:49,0
DA:52,0
DA:58,0
DA:59,0
DA:63,0
DA:68,0
DA:69,0
DA:73,0
DA:78,0
DA:79,0
DA:82,0
DA:86,0
DA:87,0
DA:89,0
DA:98,0
DA:99,0
DA:101,0
DA:108,0
DA:109,0
DA:119,0
DA:120,0
DA:121,0
DA:123,0
DA:125,0
DA:126,0
DA:132,0
DA:141,0
DA:143,0
DA:146,0
DA:148,0
DA:154,0
DA:155,0
DA:158,0
DA:163,0
DA:164,0
DA:167,0
DA:172,0
DA:173,0
DA:176,0
DA:179,0
DA:180,0
DA:182,0
DA:191,0
DA:192,0
DA:194,0
DA:201,0
DA:202,0
DA:212,0
DA:213,0
DA:214,0
DA:216,0
DA:217,0
DA:223,0
DA:225,0
DA:226,0
DA:228,0
DA:229,0
DA:230,0
DA:231,0
DA:233,0
DA:240,0
DA:250,0
DA:251,0
DA:262,0
DA:266,0
DA:282,0
DA:283,0
DA:284,0
DA:285,0
DA:286,0
DA:288,0
DA:289,0
DA:290,0
DA:291,0
DA:293,0
DA:294,0
DA:295,0
DA:298,0
DA:316,0
DA:317,0
DA:319,0
DA:321,0
DA:336,0
DA:337,0
DA:338,0
DA:339,0
DA:341,0
DA:350,0
DA:351,0
DA:361,0
DA:363,0
DA:364,0
DA:366,0
DA:369,0
DA:370,0
DA:372,0
DA:375,0
DA:376,0
DA:378,0
DA:382,0
DA:383,0
DA:384,0
DA:386,0
DA:387,0
DA:390,0
DA:393,0
LF:119
LH:0
BRDA:27,0,0,0
BRDA:27,0,1,0
BRDA:27,1,0,0
BRDA:27,1,1,0
BRDA:49,2,0,0
BRDA:49,2,1,0
BRDA:49,2,2,0
BRDA:49,2,3,0
BRDA:54,3,0,0
BRDA:54,3,1,0
BRDA:125,4,0,0
BRDA:125,4,1,0
BRDA:125,5,0,0
BRDA:125,5,1,0
BRDA:146,6,0,0
BRDA:146,6,1,0
BRDA:146,6,2,0
BRDA:146,6,3,0
BRDA:150,7,0,0
BRDA:150,7,1,0
BRDA:216,8,0,0
BRDA:216,8,1,0
BRDA:290,9,0,0
BRDA:290,9,1,0
BRDA:294,10,0,0
BRDA:294,10,1,0
BRDA:295,11,0,0
BRDA:295,11,1,0
BRDA:306,12,0,0
BRDA:306,12,1,0
BRDA:363,13,0,0
BRDA:363,13,1,0
BRDA:369,14,0,0
BRDA:369,14,1,0
BRDA:375,15,0,0
BRDA:375,15,1,0
BRDA:383,16,0,0
BRDA:383,16,1,0
BRDA:386,17,0,0
BRDA:386,17,1,0
BRF:40
BRH:0
end_of_record
TN:
SF:backend/routes/userRoutes.js
FN:10,createUserRoutes
FN:16,authenticateUser
FN:32,authorizeAdmin
FN:42,(anonymous_3)
FN:58,(anonymous_4)
FN:74,(anonymous_5)
FN:99,(anonymous_6)
FN:109,(anonymous_7)
FN:124,(anonymous_8)
FN:144,(anonymous_9)
FN:165,(anonymous_10)
FN:178,(anonymous_11)
FN:195,(anonymous_12)
FN:206,(anonymous_13)
FN:223,(anonymous_14)
FNF:15
FNH:0
FNDA:0,createUserRoutes
FNDA:0,authenticateUser
FNDA:0,authorizeAdmin
FNDA:0,(anonymous_3)
FNDA:0,(anonymous_4)
FNDA:0,(anonymous_5)
FNDA:0,(anonymous_6)
FNDA:0,(anonymous_7)
FNDA:0,(anonymous_8)
FNDA:0,(anonymous_9)
FNDA:0,(anonymous_10)
FNDA:0,(anonymous_11)
FNDA:0,(anonymous_12)
FNDA:0,(anonymous_13)
FNDA:0,(anonymous_14)
DA:11,0
DA:12,0
DA:17,0
DA:18,0
DA:19,0
DA:22,0
DA:23,0
DA:24,0
DA:25,0
DA:26,0
DA:28,0
DA:33,0
DA:34,0
DA:36,0
DA:42,0
DA:43,0
DA:44,0
DA:46,0
DA:47,0
DA:50,0
DA:51,0
DA:53,0
DA:58,0
DA:59,0
DA:60,0
DA:62,0
DA:63,0
DA:66,0
DA:67,0
DA:69,0
DA:74,0
DA:75,0
DA:76,0
DA:77,0
DA:80,0
DA:81,0
DA:83,0
DA:84,0
DA:89,0
DA:99,0
DA:100,0
DA:101,0
DA:102,0
DA:104,0
DA:109,0
DA:110,0
DA:111,0
DA:113,0
DA:117,0
DA:119,0
DA:124,0
DA:125,0
DA:126,0
DA:128,0
DA:129,0
DA:132,0
DA:137,0
DA:139,0
DA:144,0
DA:145,0
DA:156,0
DA:165,0
DA:166,0
DA:167,0
DA:168,0
DA:170,0
DA:171,0
DA:173,0
DA:178,0
DA:179,0
DA:180,0
DA:183,0
DA:184,0
DA:187,0
DA:188,0
DA:190,0
DA:195,0
DA:196,0
DA:197,0
DA:198,0
DA:199,0
DA:201,0
DA:206,0
DA:207,0
DA:208,0
DA:209,0
DA:211,0
DA:212,0
DA:215,0
DA:216,0
DA:218,0
DA:223,0
DA:224,0
DA:225,0
DA:226,0
DA:228,0
DA:229,0
DA:232,0
DA:233,0
DA:235,0
DA:239,0
LF:101
LH:0
BRDA:18,0,0,0
BRDA:18,0,1,0
BRDA:18,1,0,0
BRDA:18,1,1,0
BRDA:33,2,0,0
BRDA:33,2,1,0
BRDA:33,3,0,0
BRDA:33,3,1,0
BRDA:46,4,0,0
BRDA:46,4,1,0
BRDA:46,5,0,0
BRDA:46,5,1,0
BRDA:46,5,2,0
BRDA:46,5,3,0
BRDA:62,6,0,0
BRDA:62,6,1,0
BRDA:62,7,0,0
BRDA:62,7,1,0
BRDA:76,8,0,0
BRDA:76,8,1,0
BRDA:76,9,0,0
BRDA:76,9,1,0
BRDA:83,10,0,0
BRDA:83,10,1,0
BRDA:128,11,0,0
BRDA:128,11,1,0
BRDA:128,12,0,0
BRDA:128,12,1,0
BRDA:167,13,0,0
BRDA:167,13,1,0
BRDA:168,14,0,0
BRDA:168,14,1,0
BRDA:183,15,0,0
BRDA:183,15,1,0
BRDA:211,16,0,0
BRDA:211,16,1,0
BRDA:228,17,0,0
BRDA:228,17,1,0
BRF:38
BRH:0
end_of_record
